<?xml version="1.0" encoding="UTF-8"?>
<robot generator="Robot 6.1.1 (Python 3.9.6 on darwin)" generated="20231129 12:49:09.486" rpa="false" schemaversion="4">
<suite id="s1" name="Create Runtimetemplate" source="/Users/sampreet/Downloads/dataproc_jupyter_plugin_QA/testcases/create_runtimetemplate.robot">
<test id="s1-t1" name="back_nav_check" line="19">
<kw name="login" library="login" type="SETUP">
<doc>to tnter the jupyterlab</doc>
<kw name="Open Browser" library="Selenium2Library">
<arg>${url}</arg>
<arg>${chrome}</arg>
<doc>Opens a new browser instance to the optional ``url``.</doc>
<msg timestamp="20231129 12:49:09.669" level="INFO">Opening browser 'headlesschrome' to base url 'http://localhost:8888/lab'.</msg>
<status status="PASS" starttime="20231129 12:49:09.668" endtime="20231129 12:49:11.119"/>
</kw>
<kw name="Maximize Browser Window" library="Selenium2Library">
<doc>Maximizes current browser window.</doc>
<status status="PASS" starttime="20231129 12:49:11.119" endtime="20231129 12:49:11.579"/>
</kw>
<kw name="Wait Until Element Is Visible" library="Selenium2Library">
<arg>${password_input}</arg>
<doc>Waits until the element ``locator`` is visible.</doc>
<status status="PASS" starttime="20231129 12:49:11.579" endtime="20231129 12:49:11.593"/>
</kw>
<kw name="Input Text" library="Selenium2Library">
<arg>${password_input}</arg>
<arg>${token}</arg>
<doc>Types the given ``text`` into the text field identified by ``locator``.</doc>
<msg timestamp="20231129 12:49:11.593" level="INFO">Typing text '41cb569e9d5ae264b9a3c52b27ca13b2cd274f0803347657' into text field 'xpath://input[@id="password_input"]'.</msg>
<status status="PASS" starttime="20231129 12:49:11.593" endtime="20231129 12:49:11.685"/>
</kw>
<kw name="Click Button" library="Selenium2Library">
<arg>${login_btn}</arg>
<doc>Clicks the button identified by ``locator``.</doc>
<msg timestamp="20231129 12:49:11.685" level="INFO">Clicking button 'xpath://button[@id="login_submit"]'.</msg>
<status status="PASS" starttime="20231129 12:49:11.685" endtime="20231129 12:49:11.728"/>
</kw>
<kw name="Wait Until Element Is Visible" library="Selenium2Library">
<arg>${serverless_txt_launcher_screen}</arg>
<arg>120</arg>
<doc>Waits until the element ``locator`` is visible.</doc>
<status status="PASS" starttime="20231129 12:49:11.728" endtime="20231129 12:49:22.814"/>
</kw>
<status status="PASS" starttime="20231129 12:49:09.668" endtime="20231129 12:49:22.814"/>
</kw>
<kw name="checking_back_and_cancel_btn_rt_launcher" library="runtimetemplate">
<kw name="open_the_create_rt_page_from_launcher" library="runtimetemplate">
<kw name="Scroll Element Into View" library="Selenium2Library">
<arg>${launcher_rt_card_loc}</arg>
<doc>Scrolls the element identified by ``locator`` into view.</doc>
<status status="PASS" starttime="20231129 12:49:22.815" endtime="20231129 12:49:23.083"/>
</kw>
<kw name="Wait Until Element Is Visible" library="Selenium2Library">
<arg>${launcher_rt_card_loc}</arg>
<doc>Waits until the element ``locator`` is visible.</doc>
<status status="PASS" starttime="20231129 12:49:23.084" endtime="20231129 12:49:23.093"/>
</kw>
<kw name="Click Element" library="Selenium2Library">
<arg>${launcher_rt_card_loc}</arg>
<doc>Click the element identified by ``locator``.</doc>
<msg timestamp="20231129 12:49:23.093" level="INFO">Clicking element 'xpath://div[@class='jp-LauncherCard' and @title='Create a new runtime template']'.</msg>
<status status="PASS" starttime="20231129 12:49:23.093" endtime="20231129 12:49:23.132"/>
</kw>
<status status="PASS" starttime="20231129 12:49:22.815" endtime="20231129 12:49:23.132"/>
</kw>
<kw name="Wait Until Element Is Visible" library="Selenium2Library">
<arg>${back_nav_btn}</arg>
<doc>Waits until the element ``locator`` is visible.</doc>
<status status="PASS" starttime="20231129 12:49:23.132" endtime="20231129 12:49:23.239"/>
</kw>
<kw name="Click Element" library="Selenium2Library">
<arg>${back_nav_btn}</arg>
<doc>Click the element identified by ``locator``.</doc>
<msg timestamp="20231129 12:49:23.239" level="INFO">Clicking element 'xpath://*[local-name()='svg' and @data-icon='launcher:left-arrow-icon']'.</msg>
<status status="PASS" starttime="20231129 12:49:23.239" endtime="20231129 12:49:23.287"/>
</kw>
<kw name="Page Should Contain" library="Selenium2Library">
<arg>Dataproc Serverless Notebooks</arg>
<doc>Verifies that current page contains ``text``.</doc>
<msg timestamp="20231129 12:49:23.299" level="INFO">Current page contains text 'Dataproc Serverless Notebooks'.</msg>
<status status="PASS" starttime="20231129 12:49:23.287" endtime="20231129 12:49:23.299"/>
</kw>
<kw name="open_the_create_rt_page_from_launcher" library="runtimetemplate">
<kw name="Scroll Element Into View" library="Selenium2Library">
<arg>${launcher_rt_card_loc}</arg>
<doc>Scrolls the element identified by ``locator`` into view.</doc>
<status status="PASS" starttime="20231129 12:49:23.299" endtime="20231129 12:49:23.572"/>
</kw>
<kw name="Wait Until Element Is Visible" library="Selenium2Library">
<arg>${launcher_rt_card_loc}</arg>
<doc>Waits until the element ``locator`` is visible.</doc>
<status status="PASS" starttime="20231129 12:49:23.572" endtime="20231129 12:49:23.588"/>
</kw>
<kw name="Click Element" library="Selenium2Library">
<arg>${launcher_rt_card_loc}</arg>
<doc>Click the element identified by ``locator``.</doc>
<msg timestamp="20231129 12:49:23.589" level="INFO">Clicking element 'xpath://div[@class='jp-LauncherCard' and @title='Create a new runtime template']'.</msg>
<status status="PASS" starttime="20231129 12:49:23.588" endtime="20231129 12:49:23.635"/>
</kw>
<status status="PASS" starttime="20231129 12:49:23.299" endtime="20231129 12:49:23.635"/>
</kw>
<kw name="Wait Until Element Is Visible" library="Selenium2Library">
<arg>${cancel_btn}</arg>
<arg>${wait_mid}</arg>
<doc>Waits until the element ``locator`` is visible.</doc>
<status status="PASS" starttime="20231129 12:49:23.635" endtime="20231129 12:49:23.734"/>
</kw>
<kw name="Click Element" library="Selenium2Library">
<arg>${cancel_btn}</arg>
<doc>Click the element identified by ``locator``.</doc>
<msg timestamp="20231129 12:49:23.735" level="INFO">Clicking element 'xpath://div[text()='CANCEL']'.</msg>
<status status="PASS" starttime="20231129 12:49:23.735" endtime="20231129 12:49:23.797"/>
</kw>
<kw name="Page Should Contain" library="Selenium2Library">
<arg>Dataproc Serverless Notebooks</arg>
<doc>Verifies that current page contains ``text``.</doc>
<msg timestamp="20231129 12:49:23.826" level="INFO">Current page contains text 'Dataproc Serverless Notebooks'.</msg>
<status status="PASS" starttime="20231129 12:49:23.798" endtime="20231129 12:49:23.826"/>
</kw>
<status status="PASS" starttime="20231129 12:49:22.814" endtime="20231129 12:49:23.826"/>
</kw>
<kw name="checking_back_and_cancel_btn_rt_config_setup" library="runtimetemplate">
<kw name="open_the_create_rt_page_from_config_setup" library="runtimetemplate">
<kw name="open_config_setup_page" library="config_setup">
<doc>opening config setup page from launcher</doc>
<kw name="Wait Until Element Is Visible" library="Selenium2Library">
<arg>${jupyter_settings_loc}</arg>
<doc>Waits until the element ``locator`` is visible.</doc>
<status status="PASS" starttime="20231129 12:49:23.826" endtime="20231129 12:49:23.849"/>
</kw>
<kw name="Click Element" library="Selenium2Library">
<arg>${jupyter_settings_loc}</arg>
<doc>Click the element identified by ``locator``.</doc>
<msg timestamp="20231129 12:49:23.851" level="INFO">Clicking element 'xpath://div[text()="Settings"]'.</msg>
<status status="PASS" starttime="20231129 12:49:23.850" endtime="20231129 12:49:23.907"/>
</kw>
<kw name="Wait Until Element Is Visible" library="Selenium2Library">
<arg>${config_setup_loc}</arg>
<doc>Waits until the element ``locator`` is visible.</doc>
<status status="PASS" starttime="20231129 12:49:23.907" endtime="20231129 12:49:23.944"/>
</kw>
<kw name="Click Element" library="Selenium2Library">
<arg>${config_setup_loc}</arg>
<doc>Click the element identified by ``locator``.</doc>
<msg timestamp="20231129 12:49:23.944" level="INFO">Clicking element 'xpath://div[text()="Cloud Dataproc Settings"]'.</msg>
<status status="PASS" starttime="20231129 12:49:23.944" endtime="20231129 12:49:24.026"/>
</kw>
<kw name="Wait Until Element Is Visible" library="Selenium2Library">
<arg>${config_save_button}</arg>
<arg>20</arg>
<doc>Waits until the element ``locator`` is visible.</doc>
<status status="PASS" starttime="20231129 12:49:24.026" endtime="20231129 12:49:24.279"/>
</kw>
<status status="PASS" starttime="20231129 12:49:23.826" endtime="20231129 12:49:24.279"/>
</kw>
<kw name="Scroll Element Into View" library="Selenium2Library">
<arg>${create_rt_btn_config_setup}</arg>
<doc>Scrolls the element identified by ``locator`` into view.</doc>
<status status="PASS" starttime="20231129 12:49:24.279" endtime="20231129 12:49:24.594"/>
</kw>
<kw name="Click Element" library="Selenium2Library">
<arg>${create_rt_btn_config_setup}</arg>
<doc>Click the element identified by ``locator``.</doc>
<msg timestamp="20231129 12:49:24.595" level="INFO">Clicking element 'xpath://div[@class='create-text' and text()='Create']'.</msg>
<status status="PASS" starttime="20231129 12:49:24.594" endtime="20231129 12:49:24.630"/>
</kw>
<status status="PASS" starttime="20231129 12:49:23.826" endtime="20231129 12:49:24.630"/>
</kw>
<kw name="Wait Until Element Is Visible" library="Selenium2Library">
<arg>${back_nav_btn}</arg>
<arg>${wait_mid}</arg>
<doc>Waits until the element ``locator`` is visible.</doc>
<status status="PASS" starttime="20231129 12:49:24.630" endtime="20231129 12:49:24.687"/>
</kw>
<kw name="Scroll Element Into View" library="Selenium2Library">
<arg>${back_nav_btn}</arg>
<doc>Scrolls the element identified by ``locator`` into view.</doc>
<status status="PASS" starttime="20231129 12:49:24.687" endtime="20231129 12:49:24.964"/>
</kw>
<kw name="Wait Until Element Is Visible" library="Selenium2Library">
<arg>${back_nav_btn}</arg>
<doc>Waits until the element ``locator`` is visible.</doc>
<status status="PASS" starttime="20231129 12:49:24.964" endtime="20231129 12:49:24.981"/>
</kw>
<kw name="Click Element" library="Selenium2Library">
<arg>${back_nav_btn}</arg>
<doc>Click the element identified by ``locator``.</doc>
<msg timestamp="20231129 12:49:24.981" level="INFO">Clicking element 'xpath://*[local-name()='svg' and @data-icon='launcher:left-arrow-icon']'.</msg>
<status status="PASS" starttime="20231129 12:49:24.981" endtime="20231129 12:49:25.028"/>
</kw>
<kw name="Page Should Contain" library="Selenium2Library">
<arg>Serverless Runtime Templates</arg>
<doc>Verifies that current page contains ``text``.</doc>
<msg timestamp="20231129 12:49:25.046" level="INFO">Current page contains text 'Serverless Runtime Templates'.</msg>
<status status="PASS" starttime="20231129 12:49:25.028" endtime="20231129 12:49:25.046"/>
</kw>
<kw name="Scroll Element Into View" library="Selenium2Library">
<arg>${create_rt_btn_config_setup}</arg>
<doc>Scrolls the element identified by ``locator`` into view.</doc>
<status status="PASS" starttime="20231129 12:49:25.047" endtime="20231129 12:49:25.332"/>
</kw>
<kw name="Click Element" library="Selenium2Library">
<arg>${create_rt_btn_config_setup}</arg>
<doc>Click the element identified by ``locator``.</doc>
<msg timestamp="20231129 12:49:25.332" level="INFO">Clicking element 'xpath://div[@class='create-text' and text()='Create']'.</msg>
<status status="PASS" starttime="20231129 12:49:25.332" endtime="20231129 12:49:25.378"/>
</kw>
<kw name="Wait Until Element Is Visible" library="Selenium2Library">
<arg>${back_nav_btn}</arg>
<arg>${wait_mid}</arg>
<doc>Waits until the element ``locator`` is visible.</doc>
<status status="PASS" starttime="20231129 12:49:25.378" endtime="20231129 12:49:25.606"/>
</kw>
<kw name="Scroll Element Into View" library="Selenium2Library">
<arg>${cancel_btn}</arg>
<doc>Scrolls the element identified by ``locator`` into view.</doc>
<status status="PASS" starttime="20231129 12:49:25.606" endtime="20231129 12:49:25.875"/>
</kw>
<kw name="Click Element" library="Selenium2Library">
<arg>${cancel_btn}</arg>
<doc>Click the element identified by ``locator``.</doc>
<msg timestamp="20231129 12:49:25.876" level="INFO">Clicking element 'xpath://div[text()='CANCEL']'.</msg>
<status status="PASS" starttime="20231129 12:49:25.876" endtime="20231129 12:49:25.941"/>
</kw>
<kw name="Page Should Contain" library="Selenium2Library">
<arg>Serverless Runtime Templates</arg>
<doc>Verifies that current page contains ``text``.</doc>
<msg timestamp="20231129 12:49:25.961" level="INFO">Current page contains text 'Serverless Runtime Templates'.</msg>
<status status="PASS" starttime="20231129 12:49:25.941" endtime="20231129 12:49:25.961"/>
</kw>
<status status="PASS" starttime="20231129 12:49:23.826" endtime="20231129 12:49:25.961"/>
</kw>
<kw name="logout" library="login" type="TEARDOWN">
<doc>closing the Browser</doc>
<kw name="Close Browser" library="Selenium2Library">
<doc>Closes the current browser.</doc>
<status status="PASS" starttime="20231129 12:49:25.962" endtime="20231129 12:49:26.146"/>
</kw>
<status status="PASS" starttime="20231129 12:49:25.961" endtime="20231129 12:49:26.146"/>
</kw>
<status status="PASS" starttime="20231129 12:49:09.668" endtime="20231129 12:49:26.146"/>
</test>
<test id="s1-t2" name="create_runtimetemplate_launcher_with_shared_vpc" line="24">
<kw name="login" library="login" type="SETUP">
<doc>to tnter the jupyterlab</doc>
<kw name="Open Browser" library="Selenium2Library">
<arg>${url}</arg>
<arg>${chrome}</arg>
<doc>Opens a new browser instance to the optional ``url``.</doc>
<msg timestamp="20231129 12:49:26.147" level="INFO">Opening browser 'headlesschrome' to base url 'http://localhost:8888/lab'.</msg>
<status status="PASS" starttime="20231129 12:49:26.147" endtime="20231129 12:49:29.093"/>
</kw>
<kw name="Maximize Browser Window" library="Selenium2Library">
<doc>Maximizes current browser window.</doc>
<status status="PASS" starttime="20231129 12:49:29.094" endtime="20231129 12:49:29.558"/>
</kw>
<kw name="Wait Until Element Is Visible" library="Selenium2Library">
<arg>${password_input}</arg>
<doc>Waits until the element ``locator`` is visible.</doc>
<status status="PASS" starttime="20231129 12:49:29.558" endtime="20231129 12:49:29.575"/>
</kw>
<kw name="Input Text" library="Selenium2Library">
<arg>${password_input}</arg>
<arg>${token}</arg>
<doc>Types the given ``text`` into the text field identified by ``locator``.</doc>
<msg timestamp="20231129 12:49:29.575" level="INFO">Typing text '41cb569e9d5ae264b9a3c52b27ca13b2cd274f0803347657' into text field 'xpath://input[@id="password_input"]'.</msg>
<status status="PASS" starttime="20231129 12:49:29.575" endtime="20231129 12:49:29.722"/>
</kw>
<kw name="Click Button" library="Selenium2Library">
<arg>${login_btn}</arg>
<doc>Clicks the button identified by ``locator``.</doc>
<msg timestamp="20231129 12:49:29.722" level="INFO">Clicking button 'xpath://button[@id="login_submit"]'.</msg>
<status status="PASS" starttime="20231129 12:49:29.722" endtime="20231129 12:49:29.787"/>
</kw>
<kw name="Wait Until Element Is Visible" library="Selenium2Library">
<arg>${serverless_txt_launcher_screen}</arg>
<arg>120</arg>
<doc>Waits until the element ``locator`` is visible.</doc>
<status status="PASS" starttime="20231129 12:49:29.787" endtime="20231129 12:49:40.955"/>
</kw>
<status status="PASS" starttime="20231129 12:49:26.146" endtime="20231129 12:49:40.955"/>
</kw>
<kw name="project_check_test_consume_shared_vpc" library="batches">
<kw name="open_config_setup_page" library="config_setup">
<doc>opening config setup page from launcher</doc>
<kw name="Wait Until Element Is Visible" library="Selenium2Library">
<arg>${jupyter_settings_loc}</arg>
<doc>Waits until the element ``locator`` is visible.</doc>
<status status="PASS" starttime="20231129 12:49:40.956" endtime="20231129 12:49:40.967"/>
</kw>
<kw name="Click Element" library="Selenium2Library">
<arg>${jupyter_settings_loc}</arg>
<doc>Click the element identified by ``locator``.</doc>
<msg timestamp="20231129 12:49:40.968" level="INFO">Clicking element 'xpath://div[text()="Settings"]'.</msg>
<status status="PASS" starttime="20231129 12:49:40.967" endtime="20231129 12:49:40.993"/>
</kw>
<kw name="Wait Until Element Is Visible" library="Selenium2Library">
<arg>${config_setup_loc}</arg>
<doc>Waits until the element ``locator`` is visible.</doc>
<status status="PASS" starttime="20231129 12:49:40.993" endtime="20231129 12:49:41.005"/>
</kw>
<kw name="Click Element" library="Selenium2Library">
<arg>${config_setup_loc}</arg>
<doc>Click the element identified by ``locator``.</doc>
<msg timestamp="20231129 12:49:41.006" level="INFO">Clicking element 'xpath://div[text()="Cloud Dataproc Settings"]'.</msg>
<status status="PASS" starttime="20231129 12:49:41.006" endtime="20231129 12:49:41.040"/>
</kw>
<kw name="Wait Until Element Is Visible" library="Selenium2Library">
<arg>${config_save_button}</arg>
<arg>20</arg>
<doc>Waits until the element ``locator`` is visible.</doc>
<status status="PASS" starttime="20231129 12:49:41.040" endtime="20231129 12:49:41.703"/>
</kw>
<status status="PASS" starttime="20231129 12:49:40.956" endtime="20231129 12:49:41.703"/>
</kw>
<kw name="Get Value" library="Selenium2Library">
<var>${proj_id}</var>
<arg>${project_id_dropdown}</arg>
<doc>Returns the value attribute of the element identified by ``locator``.</doc>
<msg timestamp="20231129 12:49:41.717" level="INFO">${proj_id} = test-consume-shared-vpc</msg>
<status status="PASS" starttime="20231129 12:49:41.703" endtime="20231129 12:49:41.717"/>
</kw>
<kw name="Set Variable" library="BuiltIn">
<var>${proj_id_set}</var>
<arg>test-consume-shared-vpc</arg>
<doc>Returns the given values which can then be assigned to a variables.</doc>
<msg timestamp="20231129 12:49:41.717" level="INFO">${proj_id_set} = test-consume-shared-vpc</msg>
<status status="PASS" starttime="20231129 12:49:41.717" endtime="20231129 12:49:41.717"/>
</kw>
<kw name="close_tabs" library="batches">
<kw name="Get Element Count" library="Selenium2Library">
<var>${count}</var>
<arg>${close_btn_on_tabs}</arg>
<doc>Returns the number of elements matching ``locator``.</doc>
<msg timestamp="20231129 12:49:41.717" level="WARN">Keyword 'Get Element Count' found both from a custom library 'Selenium2Library' and a standard library 'XML'. The custom keyword is used. To select explicitly, and to get rid of this warning, use either 'Selenium2Library.Get Element Count' or 'XML.Get Element Count'.</msg>
<msg timestamp="20231129 12:49:41.725" level="INFO">${count} = 4</msg>
<status status="PASS" starttime="20231129 12:49:41.717" endtime="20231129 12:49:41.725"/>
</kw>
<kw name="Set Variable" library="BuiltIn">
<var>${a}</var>
<arg>0</arg>
<doc>Returns the given values which can then be assigned to a variables.</doc>
<msg timestamp="20231129 12:49:41.725" level="INFO">${a} = 0</msg>
<status status="PASS" starttime="20231129 12:49:41.725" endtime="20231129 12:49:41.725"/>
</kw>
<for flavor="IN RANGE">
<var>${a}</var>
<value>1</value>
<value>${count}</value>
<iter>
<var name="${a}">1</var>
<kw name="Log To Console" library="BuiltIn">
<arg>${a}</arg>
<doc>Logs the given message to the console.</doc>
<status status="PASS" starttime="20231129 12:49:41.725" endtime="20231129 12:49:41.726"/>
</kw>
<kw name="Click Element" library="Selenium2Library">
<arg>(//*[local-name()='svg' and @data-icon='ui-components:close'])[2]</arg>
<doc>Click the element identified by ``locator``.</doc>
<msg timestamp="20231129 12:49:41.726" level="INFO">Clicking element '(//*[local-name()='svg' and @data-icon='ui-components:close'])[2]'.</msg>
<status status="PASS" starttime="20231129 12:49:41.726" endtime="20231129 12:49:41.759"/>
</kw>
<status status="PASS" starttime="20231129 12:49:41.725" endtime="20231129 12:49:41.759"/>
</iter>
<iter>
<var name="${a}">2</var>
<kw name="Log To Console" library="BuiltIn">
<arg>${a}</arg>
<doc>Logs the given message to the console.</doc>
<status status="PASS" starttime="20231129 12:49:41.760" endtime="20231129 12:49:41.760"/>
</kw>
<kw name="Click Element" library="Selenium2Library">
<arg>(//*[local-name()='svg' and @data-icon='ui-components:close'])[2]</arg>
<doc>Click the element identified by ``locator``.</doc>
<msg timestamp="20231129 12:49:41.760" level="INFO">Clicking element '(//*[local-name()='svg' and @data-icon='ui-components:close'])[2]'.</msg>
<status status="PASS" starttime="20231129 12:49:41.760" endtime="20231129 12:49:41.812"/>
</kw>
<status status="PASS" starttime="20231129 12:49:41.759" endtime="20231129 12:49:41.812"/>
</iter>
<iter>
<var name="${a}">3</var>
<kw name="Log To Console" library="BuiltIn">
<arg>${a}</arg>
<doc>Logs the given message to the console.</doc>
<status status="PASS" starttime="20231129 12:49:41.812" endtime="20231129 12:49:41.813"/>
</kw>
<kw name="Click Element" library="Selenium2Library">
<arg>(//*[local-name()='svg' and @data-icon='ui-components:close'])[2]</arg>
<doc>Click the element identified by ``locator``.</doc>
<msg timestamp="20231129 12:49:41.813" level="INFO">Clicking element '(//*[local-name()='svg' and @data-icon='ui-components:close'])[2]'.</msg>
<status status="PASS" starttime="20231129 12:49:41.813" endtime="20231129 12:49:41.857"/>
</kw>
<status status="PASS" starttime="20231129 12:49:41.812" endtime="20231129 12:49:41.857"/>
</iter>
<status status="PASS" starttime="20231129 12:49:41.725" endtime="20231129 12:49:41.858"/>
</for>
<status status="PASS" starttime="20231129 12:49:41.717" endtime="20231129 12:49:41.858"/>
</kw>
<if>
<branch type="IF" condition="$proj_id != $proj_id_set">
<kw name="change_project_for_shared_vpc" library="runtimetemplate">
<status status="NOT RUN" starttime="20231129 12:49:41.860" endtime="20231129 12:49:41.860"/>
</kw>
<kw name="close_tabs" library="batches">
<status status="NOT RUN" starttime="20231129 12:49:41.860" endtime="20231129 12:49:41.860"/>
</kw>
<status status="NOT RUN" starttime="20231129 12:49:41.858" endtime="20231129 12:49:41.860"/>
</branch>
<status status="PASS" starttime="20231129 12:49:41.858" endtime="20231129 12:49:41.860"/>
</if>
<status status="PASS" starttime="20231129 12:49:40.955" endtime="20231129 12:49:41.860"/>
</kw>
<kw name="open_the_create_rt_page_from_launcher" library="runtimetemplate">
<kw name="Scroll Element Into View" library="Selenium2Library">
<arg>${launcher_rt_card_loc}</arg>
<doc>Scrolls the element identified by ``locator`` into view.</doc>
<status status="PASS" starttime="20231129 12:49:41.860" endtime="20231129 12:49:42.131"/>
</kw>
<kw name="Wait Until Element Is Visible" library="Selenium2Library">
<arg>${launcher_rt_card_loc}</arg>
<doc>Waits until the element ``locator`` is visible.</doc>
<status status="PASS" starttime="20231129 12:49:42.131" endtime="20231129 12:49:42.141"/>
</kw>
<kw name="Click Element" library="Selenium2Library">
<arg>${launcher_rt_card_loc}</arg>
<doc>Click the element identified by ``locator``.</doc>
<msg timestamp="20231129 12:49:42.141" level="INFO">Clicking element 'xpath://div[@class='jp-LauncherCard' and @title='Create a new runtime template']'.</msg>
<status status="PASS" starttime="20231129 12:49:42.141" endtime="20231129 12:49:42.184"/>
</kw>
<status status="PASS" starttime="20231129 12:49:41.860" endtime="20231129 12:49:42.184"/>
</kw>
<kw name="input_display_name" library="runtimetemplate">
<kw name="Wait Until Element Is Visible" library="Selenium2Library">
<arg>${input_display_name}</arg>
<doc>Waits until the element ``locator`` is visible.</doc>
<status status="PASS" starttime="20231129 12:49:42.184" endtime="20231129 12:49:42.271"/>
</kw>
<kw name="Click Element" library="Selenium2Library">
<arg>${input_display_name}</arg>
<doc>Click the element identified by ``locator``.</doc>
<msg timestamp="20231129 12:49:42.272" level="INFO">Clicking element 'xpath://label[text()='Display name*']/parent::div/div/input'.</msg>
<status status="PASS" starttime="20231129 12:49:42.271" endtime="20231129 12:49:42.332"/>
</kw>
<kw name="Get Time" library="BuiltIn">
<var>${get_time}</var>
<doc>Returns the given time in the requested format.</doc>
<msg timestamp="20231129 12:49:42.333" level="INFO">${get_time} = 2023-11-29 12:49:42</msg>
<status status="PASS" starttime="20231129 12:49:42.333" endtime="20231129 12:49:42.333"/>
</kw>
<kw name="Input Text" library="Selenium2Library">
<arg>${input_display_name}</arg>
<arg>auto-test-${get_time}</arg>
<doc>Types the given ``text`` into the text field identified by ``locator``.</doc>
<msg timestamp="20231129 12:49:42.333" level="INFO">Typing text 'auto-test-2023-11-29 12:49:42' into text field 'xpath://label[text()='Display name*']/parent::div/div/input'.</msg>
<status status="PASS" starttime="20231129 12:49:42.333" endtime="20231129 12:49:42.745"/>
</kw>
<kw name="Set Variable" library="BuiltIn">
<var>${get_time}</var>
<arg>0</arg>
<doc>Returns the given values which can then be assigned to a variables.</doc>
<msg timestamp="20231129 12:49:42.746" level="INFO">${get_time} = 0</msg>
<status status="PASS" starttime="20231129 12:49:42.745" endtime="20231129 12:49:42.746"/>
</kw>
<status status="PASS" starttime="20231129 12:49:42.184" endtime="20231129 12:49:42.746"/>
</kw>
<kw name="get_runtime_template_display_name" library="runtimetemplate">
<var>${rt_display_name}</var>
<kw name="Scroll Element Into View" library="Selenium2Library">
<arg>${input_display_name}</arg>
<doc>Scrolls the element identified by ``locator`` into view.</doc>
<status status="PASS" starttime="20231129 12:49:42.746" endtime="20231129 12:49:43.027"/>
</kw>
<kw name="Get Value" library="Selenium2Library">
<var>${rt_display_name}</var>
<arg>${input_display_name}</arg>
<doc>Returns the value attribute of the element identified by ``locator``.</doc>
<msg timestamp="20231129 12:49:43.052" level="INFO">${rt_display_name} = auto-test-2023-11-29 12:49:42</msg>
<status status="PASS" starttime="20231129 12:49:43.027" endtime="20231129 12:49:43.052"/>
</kw>
<msg timestamp="20231129 12:49:43.052" level="INFO">${rt_display_name} = auto-test-2023-11-29 12:49:42</msg>
<status status="PASS" starttime="20231129 12:49:42.746" endtime="20231129 12:49:43.052"/>
</kw>
<kw name="input_description" library="runtimetemplate">
<kw name="Scroll Element Into View" library="Selenium2Library">
<arg>${input_description}</arg>
<doc>Scrolls the element identified by ``locator`` into view.</doc>
<status status="PASS" starttime="20231129 12:49:43.052" endtime="20231129 12:49:43.322"/>
</kw>
<kw name="Wait Until Element Is Visible" library="Selenium2Library">
<arg>${input_description}</arg>
<doc>Waits until the element ``locator`` is visible.</doc>
<status status="PASS" starttime="20231129 12:49:43.323" endtime="20231129 12:49:43.339"/>
</kw>
<kw name="Click Element" library="Selenium2Library">
<arg>${input_description}</arg>
<doc>Click the element identified by ``locator``.</doc>
<msg timestamp="20231129 12:49:43.340" level="INFO">Clicking element 'xpath://label[text()='Description*']/parent::div/div/input'.</msg>
<status status="PASS" starttime="20231129 12:49:43.340" endtime="20231129 12:49:43.385"/>
</kw>
<kw name="Input Text" library="Selenium2Library">
<arg>${input_description}</arg>
<arg>automated testing trials</arg>
<doc>Types the given ``text`` into the text field identified by ``locator``.</doc>
<msg timestamp="20231129 12:49:43.386" level="INFO">Typing text 'automated testing trials' into text field 'xpath://label[text()='Description*']/parent::div/div/input'.</msg>
<status status="PASS" starttime="20231129 12:49:43.385" endtime="20231129 12:49:43.670"/>
</kw>
<status status="PASS" starttime="20231129 12:49:43.052" endtime="20231129 12:49:43.670"/>
</kw>
<kw name="input_custom_container_image" library="runtimetemplate">
<kw name="Scroll Element Into View" library="Selenium2Library">
<arg>${input_container_image}</arg>
<doc>Scrolls the element identified by ``locator`` into view.</doc>
<status status="PASS" starttime="20231129 12:49:43.670" endtime="20231129 12:49:43.943"/>
</kw>
<kw name="Wait Until Element Is Visible" library="Selenium2Library">
<arg>${input_container_image}</arg>
<doc>Waits until the element ``locator`` is visible.</doc>
<status status="PASS" starttime="20231129 12:49:43.943" endtime="20231129 12:49:43.952"/>
</kw>
<kw name="Click Element" library="Selenium2Library">
<arg>${input_container_image}</arg>
<doc>Click the element identified by ``locator``.</doc>
<msg timestamp="20231129 12:49:43.953" level="INFO">Clicking element 'xpath://label[text()='Custom container image']/parent::div/div/input'.</msg>
<status status="PASS" starttime="20231129 12:49:43.953" endtime="20231129 12:49:43.976"/>
</kw>
<kw name="Input Text" library="Selenium2Library">
<arg>${input_container_image}</arg>
<arg>${container_image_txt}</arg>
<doc>Types the given ``text`` into the text field identified by ``locator``.</doc>
<msg timestamp="20231129 12:49:43.976" level="INFO">Typing text 'us-central1-docker.pkg.dev/dataproc-jupyter-extension-dev/test-artifact-image' into text field 'xpath://label[text()='Custom container image']/parent::div/div/input'.</msg>
<status status="PASS" starttime="20231129 12:49:43.976" endtime="20231129 12:49:44.589"/>
</kw>
<status status="PASS" starttime="20231129 12:49:43.670" endtime="20231129 12:49:44.589"/>
</kw>
<kw name="select_shared_vpc_networks" library="runtimetemplate">
<kw name="Scroll Element Into View" library="Selenium2Library">
<arg>${select_networks_shared_from_host_project}</arg>
<doc>Scrolls the element identified by ``locator`` into view.</doc>
<status status="PASS" starttime="20231129 12:49:44.590" endtime="20231129 12:49:44.870"/>
</kw>
<kw name="Click Element" library="Selenium2Library">
<arg>${select_networks_shared_from_host_project}</arg>
<doc>Click the element identified by ``locator``.</doc>
<msg timestamp="20231129 12:49:44.870" level="INFO">Clicking element 'xpath://input[@value='sharedVpc']'.</msg>
<status status="PASS" starttime="20231129 12:49:44.870" endtime="20231129 12:49:44.914"/>
</kw>
<kw name="Sleep" library="BuiltIn">
<arg>2</arg>
<doc>Pauses the test executed for the given time.</doc>
<msg timestamp="20231129 12:49:46.915" level="INFO">Slept 2 seconds</msg>
<status status="PASS" starttime="20231129 12:49:44.914" endtime="20231129 12:49:46.916"/>
</kw>
<kw name="Scroll Element Into View" library="Selenium2Library">
<arg>${shared_subnetworks_dropdown}</arg>
<doc>Scrolls the element identified by ``locator`` into view.</doc>
<status status="PASS" starttime="20231129 12:49:46.916" endtime="20231129 12:49:47.188"/>
</kw>
<kw name="Wait Until Element Is Visible" library="Selenium2Library">
<arg>${shared_subnetworks_dropdown}</arg>
<doc>Waits until the element ``locator`` is visible.</doc>
<status status="PASS" starttime="20231129 12:49:47.189" endtime="20231129 12:49:47.199"/>
</kw>
<kw name="Click Element" library="Selenium2Library">
<arg>${shared_subnetworks_dropdown}</arg>
<doc>Click the element identified by ``locator``.</doc>
<msg timestamp="20231129 12:49:47.200" level="INFO">Clicking element 'xpath:(//input[@class='MuiInputBase-input MuiOutlinedInput-input MuiInputBase-inputSizeSmall MuiInputBase-inputAdornedEnd MuiAutocomplete-input MuiAutocomplete-inputFocused css-1okh9hg'])[1]'.</msg>
<status status="PASS" starttime="20231129 12:49:47.199" endtime="20231129 12:49:47.237"/>
</kw>
<kw name="Wait Until Element Is Visible" library="Selenium2Library">
<arg>${shared_subnetworks_dropdown_first_element}</arg>
<doc>Waits until the element ``locator`` is visible.</doc>
<status status="PASS" starttime="20231129 12:49:47.237" endtime="20231129 12:49:47.249"/>
</kw>
<kw name="Click Element" library="Selenium2Library">
<arg>${shared_subnetworks_dropdown_first_element}</arg>
<doc>Click the element identified by ``locator``.</doc>
<msg timestamp="20231129 12:49:47.249" level="INFO">Clicking element 'xpath:(//li[@class='MuiAutocomplete-option'])[1]'.</msg>
<status status="PASS" starttime="20231129 12:49:47.249" endtime="20231129 12:49:47.281"/>
</kw>
<status status="PASS" starttime="20231129 12:49:44.589" endtime="20231129 12:49:47.281"/>
</kw>
<kw name="input_network_tags" library="runtimetemplate">
<kw name="Scroll Element Into View" library="Selenium2Library">
<arg>${input_network_tags}</arg>
<doc>Scrolls the element identified by ``locator`` into view.</doc>
<status status="PASS" starttime="20231129 12:49:47.281" endtime="20231129 12:49:47.549"/>
</kw>
<kw name="Click Element" library="Selenium2Library">
<arg>${input_network_tags}</arg>
<doc>Click the element identified by ``locator``.</doc>
<msg timestamp="20231129 12:49:47.550" level="INFO">Clicking element 'xpath://label[text()='Network tags']/parent::div/div/input'.</msg>
<status status="PASS" starttime="20231129 12:49:47.549" endtime="20231129 12:49:47.580"/>
</kw>
<kw name="Input Text" library="Selenium2Library">
<arg>${input_network_tags}</arg>
<arg>networktag1</arg>
<doc>Types the given ``text`` into the text field identified by ``locator``.</doc>
<msg timestamp="20231129 12:49:47.580" level="INFO">Typing text 'networktag1' into text field 'xpath://label[text()='Network tags']/parent::div/div/input'.</msg>
<status status="PASS" starttime="20231129 12:49:47.580" endtime="20231129 12:49:47.620"/>
</kw>
<kw name="Press Keys" library="Selenium2Library">
<arg>${input_network_tags}</arg>
<arg>ENTER</arg>
<doc>Simulates the user pressing key(s) to an element or on the active browser.</doc>
<msg timestamp="20231129 12:49:47.621" level="INFO">Sending key(s) ('ENTER',) to xpath://label[text()='Network tags']/parent::div/div/input element.</msg>
<msg timestamp="20231129 12:49:47.897" level="INFO">Pressing special key ENTER to element.</msg>
<msg timestamp="20231129 12:49:47.897" level="INFO">Releasing special key ENTER.</msg>
<status status="PASS" starttime="20231129 12:49:47.621" endtime="20231129 12:49:47.915"/>
</kw>
<kw name="Input Text" library="Selenium2Library">
<arg>${input_network_tags}</arg>
<arg>networktag2</arg>
<doc>Types the given ``text`` into the text field identified by ``locator``.</doc>
<msg timestamp="20231129 12:49:47.915" level="INFO">Typing text 'networktag2' into text field 'xpath://label[text()='Network tags']/parent::div/div/input'.</msg>
<status status="PASS" starttime="20231129 12:49:47.915" endtime="20231129 12:49:47.955"/>
</kw>
<kw name="Press Keys" library="Selenium2Library">
<arg>${input_network_tags}</arg>
<arg>ENTER</arg>
<doc>Simulates the user pressing key(s) to an element or on the active browser.</doc>
<msg timestamp="20231129 12:49:47.956" level="INFO">Sending key(s) ('ENTER',) to xpath://label[text()='Network tags']/parent::div/div/input element.</msg>
<msg timestamp="20231129 12:49:48.225" level="INFO">Pressing special key ENTER to element.</msg>
<msg timestamp="20231129 12:49:48.225" level="INFO">Releasing special key ENTER.</msg>
<status status="PASS" starttime="20231129 12:49:47.955" endtime="20231129 12:49:48.236"/>
</kw>
<status status="PASS" starttime="20231129 12:49:47.281" endtime="20231129 12:49:48.236"/>
</kw>
<kw name="select_metastore_project_id" library="runtimetemplate">
<kw name="Scroll Element Into View" library="Selenium2Library">
<arg>${select_metastore_project_id_dropdown}</arg>
<doc>Scrolls the element identified by ``locator`` into view.</doc>
<status status="PASS" starttime="20231129 12:49:48.236" endtime="20231129 12:49:48.507"/>
</kw>
<kw name="Click Element" library="Selenium2Library">
<arg>${select_metastore_project_id_dropdown}</arg>
<doc>Click the element identified by ``locator``.</doc>
<msg timestamp="20231129 12:49:48.507" level="INFO">Clicking element 'xpath://label[text()='Project ID']//parent::div//input'.</msg>
<status status="PASS" starttime="20231129 12:49:48.507" endtime="20231129 12:49:48.545"/>
</kw>
<kw name="Input Text" library="Selenium2Library">
<arg>${select_metastore_project_id_dropdown}</arg>
<arg>dataproc-jupyter-extension-dev</arg>
<doc>Types the given ``text`` into the text field identified by ``locator``.</doc>
<msg timestamp="20231129 12:49:48.546" level="INFO">Typing text 'dataproc-jupyter-extension-dev' into text field 'xpath://label[text()='Project ID']//parent::div//input'.</msg>
<status status="PASS" starttime="20231129 12:49:48.545" endtime="20231129 12:49:48.806"/>
</kw>
<kw name="Wait Until Element Is Visible" library="Selenium2Library">
<arg>${select_metastore_project_id}</arg>
<arg>${wait_max}</arg>
<doc>Waits until the element ``locator`` is visible.</doc>
<status status="PASS" starttime="20231129 12:49:48.806" endtime="20231129 12:49:48.836"/>
</kw>
<kw name="Click Element" library="Selenium2Library">
<arg>${select_metastore_project_id}</arg>
<doc>Click the element identified by ``locator``.</doc>
<msg timestamp="20231129 12:49:48.836" level="INFO">Clicking element 'xpath://li[@class='MuiAutocomplete-option' and text()='dataproc-jupyter-extension-dev']'.</msg>
<status status="PASS" starttime="20231129 12:49:48.836" endtime="20231129 12:49:48.873"/>
</kw>
<status status="PASS" starttime="20231129 12:49:48.236" endtime="20231129 12:49:48.873"/>
</kw>
<kw name="select_metastore_services" library="runtimetemplate">
<kw name="Sleep" library="BuiltIn">
<arg>3</arg>
<doc>Pauses the test executed for the given time.</doc>
<msg timestamp="20231129 12:49:51.875" level="INFO">Slept 3 seconds</msg>
<status status="PASS" starttime="20231129 12:49:48.874" endtime="20231129 12:49:51.875"/>
</kw>
<kw name="Wait Until Element Is Visible" library="Selenium2Library">
<arg>${select_metastore_service_dropdown}</arg>
<arg>${wait_max}</arg>
<doc>Waits until the element ``locator`` is visible.</doc>
<status status="PASS" starttime="20231129 12:49:51.876" endtime="20231129 12:49:51.895"/>
</kw>
<kw name="Scroll Element Into View" library="Selenium2Library">
<arg>${select_metastore_service_dropdown}</arg>
<doc>Scrolls the element identified by ``locator`` into view.</doc>
<status status="PASS" starttime="20231129 12:49:51.895" endtime="20231129 12:49:52.175"/>
</kw>
<kw name="Click Element" library="Selenium2Library">
<arg>${select_metastore_service_dropdown}</arg>
<doc>Click the element identified by ``locator``.</doc>
<msg timestamp="20231129 12:49:52.177" level="INFO">Clicking element 'xpath://label[text()='Metastore services']//parent::div//input'.</msg>
<status status="PASS" starttime="20231129 12:49:52.176" endtime="20231129 12:49:52.228"/>
</kw>
<kw name="Wait Until Element Is Visible" library="Selenium2Library">
<arg>${select_metastore_services_first_element}</arg>
<arg>20</arg>
<doc>Waits until the element ``locator`` is visible.</doc>
<status status="PASS" starttime="20231129 12:49:52.229" endtime="20231129 12:49:53.303"/>
</kw>
<kw name="Click Element" library="Selenium2Library">
<arg>${select_metastore_services_first_element}</arg>
<doc>Click the element identified by ``locator``.</doc>
<msg timestamp="20231129 12:49:53.303" level="INFO">Clicking element 'xpath://li[contains(@id,'option-0')]'.</msg>
<status status="PASS" starttime="20231129 12:49:53.303" endtime="20231129 12:49:53.361"/>
</kw>
<status status="PASS" starttime="20231129 12:49:48.873" endtime="20231129 12:49:53.361"/>
</kw>
<kw name="select_max_idle_time" library="runtimetemplate">
<kw name="Scroll Element Into View" library="Selenium2Library">
<arg>${input_max_idle_time}</arg>
<doc>Scrolls the element identified by ``locator`` into view.</doc>
<status status="PASS" starttime="20231129 12:49:53.362" endtime="20231129 12:49:53.641"/>
</kw>
<kw name="Click Element" library="Selenium2Library">
<arg>${input_max_idle_time}</arg>
<doc>Click the element identified by ``locator``.</doc>
<msg timestamp="20231129 12:49:53.643" level="INFO">Clicking element 'xpath://label[text()='Max idle time']/parent::div/div/input'.</msg>
<status status="PASS" starttime="20231129 12:49:53.642" endtime="20231129 12:49:53.690"/>
</kw>
<kw name="Input Text" library="Selenium2Library">
<arg>${input_max_idle_time}</arg>
<arg>200</arg>
<doc>Types the given ``text`` into the text field identified by ``locator``.</doc>
<msg timestamp="20231129 12:49:53.691" level="INFO">Typing text '200' into text field 'xpath://label[text()='Max idle time']/parent::div/div/input'.</msg>
<status status="PASS" starttime="20231129 12:49:53.691" endtime="20231129 12:49:53.797"/>
</kw>
<kw name="Click Element" library="Selenium2Library">
<arg>${select_idle_time_dropdown}</arg>
<doc>Click the element identified by ``locator``.</doc>
<msg timestamp="20231129 12:49:53.798" level="INFO">Clicking element 'xpath://label[text()='Max idle time']/parent::div/parent::div/following-sibling::div/div'.</msg>
<status status="PASS" starttime="20231129 12:49:53.797" endtime="20231129 12:49:53.862"/>
</kw>
<kw name="Wait Until Element Is Visible" library="Selenium2Library">
<arg>${select_min}</arg>
<doc>Waits until the element ``locator`` is visible.</doc>
<status status="PASS" starttime="20231129 12:49:53.862" endtime="20231129 12:49:53.881"/>
</kw>
<kw name="Click Element" library="Selenium2Library">
<arg>${select_min}</arg>
<doc>Click the element identified by ``locator``.</doc>
<msg timestamp="20231129 12:49:53.882" level="INFO">Clicking element 'xpath://li[text()='min']'.</msg>
<status status="PASS" starttime="20231129 12:49:53.881" endtime="20231129 12:49:53.939"/>
</kw>
<status status="PASS" starttime="20231129 12:49:53.362" endtime="20231129 12:49:53.939"/>
</kw>
<kw name="select_max_session_time" library="runtimetemplate">
<kw name="Scroll Element Into View" library="Selenium2Library">
<arg>${input_max_session_time}</arg>
<doc>Scrolls the element identified by ``locator`` into view.</doc>
<status status="PASS" starttime="20231129 12:49:53.940" endtime="20231129 12:49:54.215"/>
</kw>
<kw name="Click Element" library="Selenium2Library">
<arg>${input_max_session_time}</arg>
<doc>Click the element identified by ``locator``.</doc>
<msg timestamp="20231129 12:49:54.215" level="INFO">Clicking element 'xpath://label[text()='Max session time']/parent::div/div/input'.</msg>
<status status="PASS" starttime="20231129 12:49:54.215" endtime="20231129 12:49:54.261"/>
</kw>
<kw name="Input Text" library="Selenium2Library">
<arg>${input_max_session_time}</arg>
<arg>200</arg>
<doc>Types the given ``text`` into the text field identified by ``locator``.</doc>
<msg timestamp="20231129 12:49:54.262" level="INFO">Typing text '200' into text field 'xpath://label[text()='Max session time']/parent::div/div/input'.</msg>
<status status="PASS" starttime="20231129 12:49:54.261" endtime="20231129 12:49:54.341"/>
</kw>
<kw name="Click Element" library="Selenium2Library">
<arg>${select_session_time_dropdown}</arg>
<doc>Click the element identified by ``locator``.</doc>
<msg timestamp="20231129 12:49:54.341" level="INFO">Clicking element 'xpath://label[text()='Max session time']/parent::div/parent::div/following-sibling::div/div'.</msg>
<status status="PASS" starttime="20231129 12:49:54.341" endtime="20231129 12:49:54.393"/>
</kw>
<kw name="Wait Until Element Is Visible" library="Selenium2Library">
<arg>${select_min}</arg>
<doc>Waits until the element ``locator`` is visible.</doc>
<status status="PASS" starttime="20231129 12:49:54.393" endtime="20231129 12:49:54.405"/>
</kw>
<kw name="Click Element" library="Selenium2Library">
<arg>${select_min}</arg>
<doc>Click the element identified by ``locator``.</doc>
<msg timestamp="20231129 12:49:54.406" level="INFO">Clicking element 'xpath://li[text()='min']'.</msg>
<status status="PASS" starttime="20231129 12:49:54.405" endtime="20231129 12:49:54.442"/>
</kw>
<status status="PASS" starttime="20231129 12:49:53.939" endtime="20231129 12:49:54.442"/>
</kw>
<kw name="input_python_packages_repository" library="runtimetemplate">
<kw name="Scroll Element Into View" library="Selenium2Library">
<arg>${input_packages_repository}</arg>
<doc>Scrolls the element identified by ``locator`` into view.</doc>
<status status="PASS" starttime="20231129 12:49:54.442" endtime="20231129 12:49:54.714"/>
</kw>
<kw name="Click Element" library="Selenium2Library">
<arg>${input_packages_repository}</arg>
<doc>Click the element identified by ``locator``.</doc>
<msg timestamp="20231129 12:49:54.715" level="INFO">Clicking element 'xpath://label[text()='Python packages repository']/parent::div/div/input'.</msg>
<status status="PASS" starttime="20231129 12:49:54.714" endtime="20231129 12:49:54.760"/>
</kw>
<kw name="Input Text" library="Selenium2Library">
<arg>${input_packages_repository}</arg>
<arg>https://pypi.org/project/example-pypi-package/</arg>
<doc>Types the given ``text`` into the text field identified by ``locator``.</doc>
<msg timestamp="20231129 12:49:54.760" level="INFO">Typing text 'https://pypi.org/project/example-pypi-package/' into text field 'xpath://label[text()='Python packages repository']/parent::div/div/input'.</msg>
<status status="PASS" starttime="20231129 12:49:54.760" endtime="20231129 12:49:55.257"/>
</kw>
<status status="PASS" starttime="20231129 12:49:54.442" endtime="20231129 12:49:55.257"/>
</kw>
<kw name="add_spark_property" library="runtimetemplate">
<kw name="Scroll Element Into View" library="Selenium2Library">
<arg>${click_add_property_btn}</arg>
<doc>Scrolls the element identified by ``locator`` into view.</doc>
<status status="PASS" starttime="20231129 12:49:55.257" endtime="20231129 12:49:55.553"/>
</kw>
<kw name="Click Element" library="Selenium2Library">
<arg>${click_add_property_btn}</arg>
<doc>Click the element identified by ``locator``.</doc>
<msg timestamp="20231129 12:49:55.555" level="INFO">Clicking element 'xpath://span[text()='ADD PROPERTY']'.</msg>
<status status="PASS" starttime="20231129 12:49:55.554" endtime="20231129 12:49:55.612"/>
</kw>
<kw name="Wait Until Element Is Visible" library="Selenium2Library">
<arg>${add_prop_key1}</arg>
<doc>Waits until the element ``locator`` is visible.</doc>
<status status="PASS" starttime="20231129 12:49:55.612" endtime="20231129 12:49:55.632"/>
</kw>
<kw name="Click Element" library="Selenium2Library">
<arg>${add_prop_key1}</arg>
<doc>Click the element identified by ``locator``.</doc>
<msg timestamp="20231129 12:49:55.632" level="INFO">Clicking element 'xpath://span[text()='ADD PROPERTY']/parent::button/parent::div//label[text()='Key 1*']/parent::div//input[@class='MuiInputBase-input MuiOutlinedInput-input MuiInputBase-inputSizeSmall css-k9lw1l']'.</msg>
<status status="PASS" starttime="20231129 12:49:55.632" endtime="20231129 12:49:55.673"/>
</kw>
<kw name="Input Text" library="Selenium2Library">
<arg>${add_prop_key1}</arg>
<arg>prop_key1</arg>
<doc>Types the given ``text`` into the text field identified by ``locator``.</doc>
<msg timestamp="20231129 12:49:55.674" level="INFO">Typing text 'prop_key1' into text field 'xpath://span[text()='ADD PROPERTY']/parent::button/parent::div//label[text()='Key 1*']/parent::div//input[@class='MuiInputBase-input MuiOutlinedInput-input MuiInputBase-inputSizeSmall css-k9lw1l']'.</msg>
<status status="PASS" starttime="20231129 12:49:55.674" endtime="20231129 12:49:55.828"/>
</kw>
<kw name="Click Element" library="Selenium2Library">
<arg>${add_prop_value1}</arg>
<doc>Click the element identified by ``locator``.</doc>
<msg timestamp="20231129 12:49:55.828" level="INFO">Clicking element 'xpath://span[text()='ADD PROPERTY']/parent::button/parent::div//label[text()='Value 1']/parent::div//input[@class='MuiInputBase-input MuiOutlinedInput-input MuiInputBase-inputSizeSmall css-k9lw1l']'.</msg>
<status status="PASS" starttime="20231129 12:49:55.828" endtime="20231129 12:49:55.882"/>
</kw>
<kw name="Input Text" library="Selenium2Library">
<arg>${add_prop_value1}</arg>
<arg>prop_val1</arg>
<doc>Types the given ``text`` into the text field identified by ``locator``.</doc>
<msg timestamp="20231129 12:49:55.882" level="INFO">Typing text 'prop_val1' into text field 'xpath://span[text()='ADD PROPERTY']/parent::button/parent::div//label[text()='Value 1']/parent::div//input[@class='MuiInputBase-input MuiOutlinedInput-input MuiInputBase-inputSizeSmall css-k9lw1l']'.</msg>
<status status="PASS" starttime="20231129 12:49:55.882" endtime="20231129 12:49:56.039"/>
</kw>
<kw name="Click Element" library="Selenium2Library">
<arg>${click_add_property_btn}</arg>
<doc>Click the element identified by ``locator``.</doc>
<msg timestamp="20231129 12:49:56.040" level="INFO">Clicking element 'xpath://span[text()='ADD PROPERTY']'.</msg>
<status status="PASS" starttime="20231129 12:49:56.039" endtime="20231129 12:49:56.098"/>
</kw>
<kw name="Click Element" library="Selenium2Library">
<arg>${add_prop_key2}</arg>
<doc>Click the element identified by ``locator``.</doc>
<msg timestamp="20231129 12:49:56.098" level="INFO">Clicking element 'xpath://span[text()='ADD PROPERTY']/parent::button/parent::div//label[text()='Key 2*']/parent::div//input[@class='MuiInputBase-input MuiOutlinedInput-input MuiInputBase-inputSizeSmall css-k9lw1l']'.</msg>
<status status="PASS" starttime="20231129 12:49:56.098" endtime="20231129 12:49:56.143"/>
</kw>
<kw name="Input Text" library="Selenium2Library">
<arg>${add_prop_key2}</arg>
<arg>prop_key2</arg>
<doc>Types the given ``text`` into the text field identified by ``locator``.</doc>
<msg timestamp="20231129 12:49:56.144" level="INFO">Typing text 'prop_key2' into text field 'xpath://span[text()='ADD PROPERTY']/parent::button/parent::div//label[text()='Key 2*']/parent::div//input[@class='MuiInputBase-input MuiOutlinedInput-input MuiInputBase-inputSizeSmall css-k9lw1l']'.</msg>
<status status="PASS" starttime="20231129 12:49:56.143" endtime="20231129 12:49:56.304"/>
</kw>
<kw name="Click Element" library="Selenium2Library">
<arg>${add_prop_value2}</arg>
<doc>Click the element identified by ``locator``.</doc>
<msg timestamp="20231129 12:49:56.304" level="INFO">Clicking element 'xpath://span[text()='ADD PROPERTY']/parent::button/parent::div//label[text()='Value 2']/parent::div//input[@class='MuiInputBase-input MuiOutlinedInput-input MuiInputBase-inputSizeSmall css-k9lw1l']'.</msg>
<status status="PASS" starttime="20231129 12:49:56.304" endtime="20231129 12:49:56.376"/>
</kw>
<kw name="Input Text" library="Selenium2Library">
<arg>${add_prop_value2}</arg>
<arg>prop_val2</arg>
<doc>Types the given ``text`` into the text field identified by ``locator``.</doc>
<msg timestamp="20231129 12:49:56.377" level="INFO">Typing text 'prop_val2' into text field 'xpath://span[text()='ADD PROPERTY']/parent::button/parent::div//label[text()='Value 2']/parent::div//input[@class='MuiInputBase-input MuiOutlinedInput-input MuiInputBase-inputSizeSmall css-k9lw1l']'.</msg>
<status status="PASS" starttime="20231129 12:49:56.376" endtime="20231129 12:49:56.556"/>
</kw>
<status status="PASS" starttime="20231129 12:49:55.257" endtime="20231129 12:49:56.556"/>
</kw>
<kw name="add_label" library="runtimetemplate">
<kw name="Scroll Element Into View" library="Selenium2Library">
<arg>${click_add_label_btn}</arg>
<doc>Scrolls the element identified by ``locator`` into view.</doc>
<status status="PASS" starttime="20231129 12:49:56.556" endtime="20231129 12:49:56.844"/>
</kw>
<kw name="Click Element" library="Selenium2Library">
<arg>${click_add_label_btn}</arg>
<doc>Click the element identified by ``locator``.</doc>
<msg timestamp="20231129 12:49:56.844" level="INFO">Clicking element 'xpath://span[text()='ADD LABEL']'.</msg>
<status status="PASS" starttime="20231129 12:49:56.844" endtime="20231129 12:49:56.913"/>
</kw>
<kw name="Wait Until Element Is Visible" library="Selenium2Library">
<arg>${add_label_key2}</arg>
<doc>Waits until the element ``locator`` is visible.</doc>
<status status="PASS" starttime="20231129 12:49:56.913" endtime="20231129 12:49:56.931"/>
</kw>
<kw name="Click Element" library="Selenium2Library">
<arg>${add_label_key2}</arg>
<doc>Click the element identified by ``locator``.</doc>
<msg timestamp="20231129 12:49:56.932" level="INFO">Clicking element 'xpath://span[text()='ADD LABEL']/parent::button/parent::div//label[text()='Key 2*']/parent::div//input[@class='MuiInputBase-input MuiOutlinedInput-input MuiInputBase-inputSizeSmall css-k9lw1l']'.</msg>
<status status="PASS" starttime="20231129 12:49:56.931" endtime="20231129 12:49:56.971"/>
</kw>
<kw name="Input Text" library="Selenium2Library">
<arg>${add_label_key2}</arg>
<arg>label_key1</arg>
<doc>Types the given ``text`` into the text field identified by ``locator``.</doc>
<msg timestamp="20231129 12:49:56.971" level="INFO">Typing text 'label_key1' into text field 'xpath://span[text()='ADD LABEL']/parent::button/parent::div//label[text()='Key 2*']/parent::div//input[@class='MuiInputBase-input MuiOutlinedInput-input MuiInputBase-inputSizeSmall css-k9lw1l']'.</msg>
<status status="PASS" starttime="20231129 12:49:56.971" endtime="20231129 12:49:57.130"/>
</kw>
<kw name="Click Element" library="Selenium2Library">
<arg>${add_label_value2}</arg>
<doc>Click the element identified by ``locator``.</doc>
<msg timestamp="20231129 12:49:57.130" level="INFO">Clicking element 'xpath://span[text()='ADD LABEL']/parent::button/parent::div//label[text()='Value 2']/parent::div//input[@class='MuiInputBase-input MuiOutlinedInput-input MuiInputBase-inputSizeSmall css-k9lw1l']'.</msg>
<status status="PASS" starttime="20231129 12:49:57.130" endtime="20231129 12:49:57.190"/>
</kw>
<kw name="Input Text" library="Selenium2Library">
<arg>${add_label_value2}</arg>
<arg>label_val1</arg>
<doc>Types the given ``text`` into the text field identified by ``locator``.</doc>
<msg timestamp="20231129 12:49:57.190" level="INFO">Typing text 'label_val1' into text field 'xpath://span[text()='ADD LABEL']/parent::button/parent::div//label[text()='Value 2']/parent::div//input[@class='MuiInputBase-input MuiOutlinedInput-input MuiInputBase-inputSizeSmall css-k9lw1l']'.</msg>
<status status="PASS" starttime="20231129 12:49:57.190" endtime="20231129 12:49:57.428"/>
</kw>
<kw name="Click Element" library="Selenium2Library">
<arg>${click_add_label_btn}</arg>
<doc>Click the element identified by ``locator``.</doc>
<msg timestamp="20231129 12:49:57.429" level="INFO">Clicking element 'xpath://span[text()='ADD LABEL']'.</msg>
<status status="PASS" starttime="20231129 12:49:57.428" endtime="20231129 12:49:57.556"/>
</kw>
<kw name="Click Element" library="Selenium2Library">
<arg>${add_label_key3}</arg>
<doc>Click the element identified by ``locator``.</doc>
<msg timestamp="20231129 12:49:57.557" level="INFO">Clicking element 'xpath://span[text()='ADD LABEL']/parent::button/parent::div//label[text()='Key 3*']/parent::div//input[@class='MuiInputBase-input MuiOutlinedInput-input MuiInputBase-inputSizeSmall css-k9lw1l']'.</msg>
<status status="PASS" starttime="20231129 12:49:57.556" endtime="20231129 12:49:57.635"/>
</kw>
<kw name="Input Text" library="Selenium2Library">
<arg>${add_label_key3}</arg>
<arg>label_key2</arg>
<doc>Types the given ``text`` into the text field identified by ``locator``.</doc>
<msg timestamp="20231129 12:49:57.635" level="INFO">Typing text 'label_key2' into text field 'xpath://span[text()='ADD LABEL']/parent::button/parent::div//label[text()='Key 3*']/parent::div//input[@class='MuiInputBase-input MuiOutlinedInput-input MuiInputBase-inputSizeSmall css-k9lw1l']'.</msg>
<status status="PASS" starttime="20231129 12:49:57.635" endtime="20231129 12:49:57.908"/>
</kw>
<kw name="Click Element" library="Selenium2Library">
<arg>${add_label_value3}</arg>
<doc>Click the element identified by ``locator``.</doc>
<msg timestamp="20231129 12:49:57.908" level="INFO">Clicking element 'xpath://span[text()='ADD LABEL']/parent::button/parent::div//label[text()='Value 3']/parent::div//input[@class='MuiInputBase-input MuiOutlinedInput-input MuiInputBase-inputSizeSmall css-k9lw1l']'.</msg>
<status status="PASS" starttime="20231129 12:49:57.908" endtime="20231129 12:49:57.981"/>
</kw>
<kw name="Input Text" library="Selenium2Library">
<arg>${add_label_value3}</arg>
<arg>label_val2</arg>
<doc>Types the given ``text`` into the text field identified by ``locator``.</doc>
<msg timestamp="20231129 12:49:57.981" level="INFO">Typing text 'label_val2' into text field 'xpath://span[text()='ADD LABEL']/parent::button/parent::div//label[text()='Value 3']/parent::div//input[@class='MuiInputBase-input MuiOutlinedInput-input MuiInputBase-inputSizeSmall css-k9lw1l']'.</msg>
<status status="PASS" starttime="20231129 12:49:57.981" endtime="20231129 12:49:58.190"/>
</kw>
<status status="PASS" starttime="20231129 12:49:56.556" endtime="20231129 12:49:58.190"/>
</kw>
<kw name="save_rt_btn" library="runtimetemplate">
<kw name="Scroll Element Into View" library="Selenium2Library">
<arg>${save_rt_btn}</arg>
<doc>Scrolls the element identified by ``locator`` into view.</doc>
<status status="PASS" starttime="20231129 12:49:58.190" endtime="20231129 12:49:58.498"/>
</kw>
<kw name="Click Element" library="Selenium2Library">
<arg>${save_rt_btn}</arg>
<doc>Click the element identified by ``locator``.</doc>
<msg timestamp="20231129 12:49:58.502" level="INFO">Clicking element 'xpath://div[text()='SAVE']/parent::div'.</msg>
<status status="PASS" starttime="20231129 12:49:58.501" endtime="20231129 12:49:58.561"/>
</kw>
<status status="PASS" starttime="20231129 12:49:58.190" endtime="20231129 12:49:58.561"/>
</kw>
<kw name="validate_runtime_template_display_name" library="runtimetemplate">
<arg>${rt_display_name}</arg>
<kw name="open_config_setup_page" library="config_setup">
<doc>opening config setup page from launcher</doc>
<kw name="Wait Until Element Is Visible" library="Selenium2Library">
<arg>${jupyter_settings_loc}</arg>
<doc>Waits until the element ``locator`` is visible.</doc>
<status status="PASS" starttime="20231129 12:49:58.564" endtime="20231129 12:49:58.586"/>
</kw>
<kw name="Click Element" library="Selenium2Library">
<arg>${jupyter_settings_loc}</arg>
<doc>Click the element identified by ``locator``.</doc>
<msg timestamp="20231129 12:49:58.586" level="INFO">Clicking element 'xpath://div[text()="Settings"]'.</msg>
<status status="PASS" starttime="20231129 12:49:58.586" endtime="20231129 12:49:58.633"/>
</kw>
<kw name="Wait Until Element Is Visible" library="Selenium2Library">
<arg>${config_setup_loc}</arg>
<doc>Waits until the element ``locator`` is visible.</doc>
<status status="PASS" starttime="20231129 12:49:58.633" endtime="20231129 12:49:58.660"/>
</kw>
<kw name="Click Element" library="Selenium2Library">
<arg>${config_setup_loc}</arg>
<doc>Click the element identified by ``locator``.</doc>
<msg timestamp="20231129 12:49:58.660" level="INFO">Clicking element 'xpath://div[text()="Cloud Dataproc Settings"]'.</msg>
<status status="PASS" starttime="20231129 12:49:58.660" endtime="20231129 12:49:58.725"/>
</kw>
<kw name="Wait Until Element Is Visible" library="Selenium2Library">
<arg>${config_save_button}</arg>
<arg>20</arg>
<doc>Waits until the element ``locator`` is visible.</doc>
<status status="PASS" starttime="20231129 12:49:58.725" endtime="20231129 12:49:58.958"/>
</kw>
<status status="PASS" starttime="20231129 12:49:58.564" endtime="20231129 12:49:58.959"/>
</kw>
<kw name="Wait Until Page Contains" library="Selenium2Library">
<arg>${rt_display_name}</arg>
<arg>60</arg>
<doc>Waits until ``text`` appears on the current page.</doc>
<status status="PASS" starttime="20231129 12:49:58.959" endtime="20231129 12:50:00.282"/>
</kw>
<status status="PASS" starttime="20231129 12:49:58.563" endtime="20231129 12:50:00.282"/>
</kw>
<kw name="logout" library="login" type="TEARDOWN">
<doc>closing the Browser</doc>
<kw name="Close Browser" library="Selenium2Library">
<doc>Closes the current browser.</doc>
<status status="PASS" starttime="20231129 12:50:00.282" endtime="20231129 12:50:00.435"/>
</kw>
<status status="PASS" starttime="20231129 12:50:00.282" endtime="20231129 12:50:00.435"/>
</kw>
<doc>launcher+shared_vpc</doc>
<status status="PASS" starttime="20231129 12:49:26.146" endtime="20231129 12:50:00.435"/>
</test>
<test id="s1-t3" name="create_runtimetemplate_config_setup_shared_vpc" line="47">
<kw name="login" library="login" type="SETUP">
<doc>to tnter the jupyterlab</doc>
<kw name="Open Browser" library="Selenium2Library">
<arg>${url}</arg>
<arg>${chrome}</arg>
<doc>Opens a new browser instance to the optional ``url``.</doc>
<msg timestamp="20231129 12:50:00.436" level="INFO">Opening browser 'headlesschrome' to base url 'http://localhost:8888/lab'.</msg>
<status status="PASS" starttime="20231129 12:50:00.436" endtime="20231129 12:50:02.573"/>
</kw>
<kw name="Maximize Browser Window" library="Selenium2Library">
<doc>Maximizes current browser window.</doc>
<status status="PASS" starttime="20231129 12:50:02.573" endtime="20231129 12:50:03.044"/>
</kw>
<kw name="Wait Until Element Is Visible" library="Selenium2Library">
<arg>${password_input}</arg>
<doc>Waits until the element ``locator`` is visible.</doc>
<status status="PASS" starttime="20231129 12:50:03.044" endtime="20231129 12:50:03.057"/>
</kw>
<kw name="Input Text" library="Selenium2Library">
<arg>${password_input}</arg>
<arg>${token}</arg>
<doc>Types the given ``text`` into the text field identified by ``locator``.</doc>
<msg timestamp="20231129 12:50:03.057" level="INFO">Typing text '41cb569e9d5ae264b9a3c52b27ca13b2cd274f0803347657' into text field 'xpath://input[@id="password_input"]'.</msg>
<status status="PASS" starttime="20231129 12:50:03.057" endtime="20231129 12:50:03.158"/>
</kw>
<kw name="Click Button" library="Selenium2Library">
<arg>${login_btn}</arg>
<doc>Clicks the button identified by ``locator``.</doc>
<msg timestamp="20231129 12:50:03.158" level="INFO">Clicking button 'xpath://button[@id="login_submit"]'.</msg>
<status status="PASS" starttime="20231129 12:50:03.158" endtime="20231129 12:50:03.375"/>
</kw>
<kw name="Wait Until Element Is Visible" library="Selenium2Library">
<arg>${serverless_txt_launcher_screen}</arg>
<arg>120</arg>
<doc>Waits until the element ``locator`` is visible.</doc>
<status status="PASS" starttime="20231129 12:50:03.375" endtime="20231129 12:50:12.836"/>
</kw>
<status status="PASS" starttime="20231129 12:50:00.436" endtime="20231129 12:50:12.837"/>
</kw>
<kw name="project_check_test_consume_shared_vpc" library="batches">
<kw name="open_config_setup_page" library="config_setup">
<doc>opening config setup page from launcher</doc>
<kw name="Wait Until Element Is Visible" library="Selenium2Library">
<arg>${jupyter_settings_loc}</arg>
<doc>Waits until the element ``locator`` is visible.</doc>
<status status="PASS" starttime="20231129 12:50:12.837" endtime="20231129 12:50:12.849"/>
</kw>
<kw name="Click Element" library="Selenium2Library">
<arg>${jupyter_settings_loc}</arg>
<doc>Click the element identified by ``locator``.</doc>
<msg timestamp="20231129 12:50:12.850" level="INFO">Clicking element 'xpath://div[text()="Settings"]'.</msg>
<status status="PASS" starttime="20231129 12:50:12.849" endtime="20231129 12:50:12.873"/>
</kw>
<kw name="Wait Until Element Is Visible" library="Selenium2Library">
<arg>${config_setup_loc}</arg>
<doc>Waits until the element ``locator`` is visible.</doc>
<status status="PASS" starttime="20231129 12:50:12.873" endtime="20231129 12:50:12.891"/>
</kw>
<kw name="Click Element" library="Selenium2Library">
<arg>${config_setup_loc}</arg>
<doc>Click the element identified by ``locator``.</doc>
<msg timestamp="20231129 12:50:12.891" level="INFO">Clicking element 'xpath://div[text()="Cloud Dataproc Settings"]'.</msg>
<status status="PASS" starttime="20231129 12:50:12.891" endtime="20231129 12:50:12.928"/>
</kw>
<kw name="Wait Until Element Is Visible" library="Selenium2Library">
<arg>${config_save_button}</arg>
<arg>20</arg>
<doc>Waits until the element ``locator`` is visible.</doc>
<status status="PASS" starttime="20231129 12:50:12.928" endtime="20231129 12:50:13.595"/>
</kw>
<status status="PASS" starttime="20231129 12:50:12.837" endtime="20231129 12:50:13.595"/>
</kw>
<kw name="Get Value" library="Selenium2Library">
<var>${proj_id}</var>
<arg>${project_id_dropdown}</arg>
<doc>Returns the value attribute of the element identified by ``locator``.</doc>
<msg timestamp="20231129 12:50:13.610" level="INFO">${proj_id} = test-consume-shared-vpc</msg>
<status status="PASS" starttime="20231129 12:50:13.595" endtime="20231129 12:50:13.610"/>
</kw>
<kw name="Set Variable" library="BuiltIn">
<var>${proj_id_set}</var>
<arg>test-consume-shared-vpc</arg>
<doc>Returns the given values which can then be assigned to a variables.</doc>
<msg timestamp="20231129 12:50:13.610" level="INFO">${proj_id_set} = test-consume-shared-vpc</msg>
<status status="PASS" starttime="20231129 12:50:13.610" endtime="20231129 12:50:13.610"/>
</kw>
<kw name="close_tabs" library="batches">
<kw name="Get Element Count" library="Selenium2Library">
<var>${count}</var>
<arg>${close_btn_on_tabs}</arg>
<doc>Returns the number of elements matching ``locator``.</doc>
<msg timestamp="20231129 12:50:13.611" level="WARN">Keyword 'Get Element Count' found both from a custom library 'Selenium2Library' and a standard library 'XML'. The custom keyword is used. To select explicitly, and to get rid of this warning, use either 'Selenium2Library.Get Element Count' or 'XML.Get Element Count'.</msg>
<msg timestamp="20231129 12:50:13.618" level="INFO">${count} = 4</msg>
<status status="PASS" starttime="20231129 12:50:13.611" endtime="20231129 12:50:13.618"/>
</kw>
<kw name="Set Variable" library="BuiltIn">
<var>${a}</var>
<arg>0</arg>
<doc>Returns the given values which can then be assigned to a variables.</doc>
<msg timestamp="20231129 12:50:13.618" level="INFO">${a} = 0</msg>
<status status="PASS" starttime="20231129 12:50:13.618" endtime="20231129 12:50:13.618"/>
</kw>
<for flavor="IN RANGE">
<var>${a}</var>
<value>1</value>
<value>${count}</value>
<iter>
<var name="${a}">1</var>
<kw name="Log To Console" library="BuiltIn">
<arg>${a}</arg>
<doc>Logs the given message to the console.</doc>
<status status="PASS" starttime="20231129 12:50:13.618" endtime="20231129 12:50:13.619"/>
</kw>
<kw name="Click Element" library="Selenium2Library">
<arg>(//*[local-name()='svg' and @data-icon='ui-components:close'])[2]</arg>
<doc>Click the element identified by ``locator``.</doc>
<msg timestamp="20231129 12:50:13.619" level="INFO">Clicking element '(//*[local-name()='svg' and @data-icon='ui-components:close'])[2]'.</msg>
<status status="PASS" starttime="20231129 12:50:13.619" endtime="20231129 12:50:13.650"/>
</kw>
<status status="PASS" starttime="20231129 12:50:13.618" endtime="20231129 12:50:13.650"/>
</iter>
<iter>
<var name="${a}">2</var>
<kw name="Log To Console" library="BuiltIn">
<arg>${a}</arg>
<doc>Logs the given message to the console.</doc>
<status status="PASS" starttime="20231129 12:50:13.650" endtime="20231129 12:50:13.651"/>
</kw>
<kw name="Click Element" library="Selenium2Library">
<arg>(//*[local-name()='svg' and @data-icon='ui-components:close'])[2]</arg>
<doc>Click the element identified by ``locator``.</doc>
<msg timestamp="20231129 12:50:13.651" level="INFO">Clicking element '(//*[local-name()='svg' and @data-icon='ui-components:close'])[2]'.</msg>
<status status="PASS" starttime="20231129 12:50:13.651" endtime="20231129 12:50:13.696"/>
</kw>
<status status="PASS" starttime="20231129 12:50:13.650" endtime="20231129 12:50:13.696"/>
</iter>
<iter>
<var name="${a}">3</var>
<kw name="Log To Console" library="BuiltIn">
<arg>${a}</arg>
<doc>Logs the given message to the console.</doc>
<status status="PASS" starttime="20231129 12:50:13.697" endtime="20231129 12:50:13.697"/>
</kw>
<kw name="Click Element" library="Selenium2Library">
<arg>(//*[local-name()='svg' and @data-icon='ui-components:close'])[2]</arg>
<doc>Click the element identified by ``locator``.</doc>
<msg timestamp="20231129 12:50:13.697" level="INFO">Clicking element '(//*[local-name()='svg' and @data-icon='ui-components:close'])[2]'.</msg>
<status status="PASS" starttime="20231129 12:50:13.697" endtime="20231129 12:50:13.742"/>
</kw>
<status status="PASS" starttime="20231129 12:50:13.696" endtime="20231129 12:50:13.742"/>
</iter>
<status status="PASS" starttime="20231129 12:50:13.618" endtime="20231129 12:50:13.742"/>
</for>
<status status="PASS" starttime="20231129 12:50:13.610" endtime="20231129 12:50:13.742"/>
</kw>
<if>
<branch type="IF" condition="$proj_id != $proj_id_set">
<kw name="change_project_for_shared_vpc" library="runtimetemplate">
<status status="NOT RUN" starttime="20231129 12:50:13.743" endtime="20231129 12:50:13.743"/>
</kw>
<kw name="close_tabs" library="batches">
<status status="NOT RUN" starttime="20231129 12:50:13.743" endtime="20231129 12:50:13.743"/>
</kw>
<status status="NOT RUN" starttime="20231129 12:50:13.742" endtime="20231129 12:50:13.743"/>
</branch>
<status status="PASS" starttime="20231129 12:50:13.742" endtime="20231129 12:50:13.743"/>
</if>
<status status="PASS" starttime="20231129 12:50:12.837" endtime="20231129 12:50:13.743"/>
</kw>
<kw name="open_config_setup_page" library="config_setup">
<doc>opening config setup page from launcher</doc>
<kw name="Wait Until Element Is Visible" library="Selenium2Library">
<arg>${jupyter_settings_loc}</arg>
<doc>Waits until the element ``locator`` is visible.</doc>
<status status="PASS" starttime="20231129 12:50:13.743" endtime="20231129 12:50:13.754"/>
</kw>
<kw name="Click Element" library="Selenium2Library">
<arg>${jupyter_settings_loc}</arg>
<doc>Click the element identified by ``locator``.</doc>
<msg timestamp="20231129 12:50:13.754" level="INFO">Clicking element 'xpath://div[text()="Settings"]'.</msg>
<status status="PASS" starttime="20231129 12:50:13.754" endtime="20231129 12:50:13.779"/>
</kw>
<kw name="Wait Until Element Is Visible" library="Selenium2Library">
<arg>${config_setup_loc}</arg>
<doc>Waits until the element ``locator`` is visible.</doc>
<status status="PASS" starttime="20231129 12:50:13.779" endtime="20231129 12:50:13.790"/>
</kw>
<kw name="Click Element" library="Selenium2Library">
<arg>${config_setup_loc}</arg>
<doc>Click the element identified by ``locator``.</doc>
<msg timestamp="20231129 12:50:13.791" level="INFO">Clicking element 'xpath://div[text()="Cloud Dataproc Settings"]'.</msg>
<status status="PASS" starttime="20231129 12:50:13.790" endtime="20231129 12:50:13.821"/>
</kw>
<kw name="Wait Until Element Is Visible" library="Selenium2Library">
<arg>${config_save_button}</arg>
<arg>20</arg>
<doc>Waits until the element ``locator`` is visible.</doc>
<status status="PASS" starttime="20231129 12:50:13.821" endtime="20231129 12:50:14.046"/>
</kw>
<status status="PASS" starttime="20231129 12:50:13.743" endtime="20231129 12:50:14.047"/>
</kw>
<kw name="click_create_rt_config_setup" library="runtimetemplate">
<kw name="Scroll Element Into View" library="Selenium2Library">
<arg>${create_rt_btn}</arg>
<doc>Scrolls the element identified by ``locator`` into view.</doc>
<status status="PASS" starttime="20231129 12:50:14.047" endtime="20231129 12:50:14.330"/>
</kw>
<kw name="Click Element" library="Selenium2Library">
<arg>${create_rt_btn}</arg>
<doc>Click the element identified by ``locator``.</doc>
<msg timestamp="20231129 12:50:14.331" level="INFO">Clicking element 'xpath://div[text()='Create']'.</msg>
<status status="PASS" starttime="20231129 12:50:14.330" endtime="20231129 12:50:14.380"/>
</kw>
<kw name="Page Should Contain" library="Selenium2Library">
<arg>Serverless Runtime Template</arg>
<doc>Verifies that current page contains ``text``.</doc>
<msg timestamp="20231129 12:50:14.486" level="INFO">Current page contains text 'Serverless Runtime Template'.</msg>
<status status="PASS" starttime="20231129 12:50:14.380" endtime="20231129 12:50:14.486"/>
</kw>
<status status="PASS" starttime="20231129 12:50:14.047" endtime="20231129 12:50:14.486"/>
</kw>
<kw name="input_display_name" library="runtimetemplate">
<kw name="Wait Until Element Is Visible" library="Selenium2Library">
<arg>${input_display_name}</arg>
<doc>Waits until the element ``locator`` is visible.</doc>
<status status="PASS" starttime="20231129 12:50:14.486" endtime="20231129 12:50:14.509"/>
</kw>
<kw name="Click Element" library="Selenium2Library">
<arg>${input_display_name}</arg>
<doc>Click the element identified by ``locator``.</doc>
<msg timestamp="20231129 12:50:14.510" level="INFO">Clicking element 'xpath://label[text()='Display name*']/parent::div/div/input'.</msg>
<status status="PASS" starttime="20231129 12:50:14.509" endtime="20231129 12:50:14.560"/>
</kw>
<kw name="Get Time" library="BuiltIn">
<var>${get_time}</var>
<doc>Returns the given time in the requested format.</doc>
<msg timestamp="20231129 12:50:14.560" level="INFO">${get_time} = 2023-11-29 12:50:14</msg>
<status status="PASS" starttime="20231129 12:50:14.560" endtime="20231129 12:50:14.560"/>
</kw>
<kw name="Input Text" library="Selenium2Library">
<arg>${input_display_name}</arg>
<arg>auto-test-${get_time}</arg>
<doc>Types the given ``text`` into the text field identified by ``locator``.</doc>
<msg timestamp="20231129 12:50:14.560" level="INFO">Typing text 'auto-test-2023-11-29 12:50:14' into text field 'xpath://label[text()='Display name*']/parent::div/div/input'.</msg>
<status status="PASS" starttime="20231129 12:50:14.560" endtime="20231129 12:50:14.922"/>
</kw>
<kw name="Set Variable" library="BuiltIn">
<var>${get_time}</var>
<arg>0</arg>
<doc>Returns the given values which can then be assigned to a variables.</doc>
<msg timestamp="20231129 12:50:14.923" level="INFO">${get_time} = 0</msg>
<status status="PASS" starttime="20231129 12:50:14.922" endtime="20231129 12:50:14.923"/>
</kw>
<status status="PASS" starttime="20231129 12:50:14.486" endtime="20231129 12:50:14.923"/>
</kw>
<kw name="get_runtime_template_display_name" library="runtimetemplate">
<var>${rt_display_name}</var>
<kw name="Scroll Element Into View" library="Selenium2Library">
<arg>${input_display_name}</arg>
<doc>Scrolls the element identified by ``locator`` into view.</doc>
<status status="PASS" starttime="20231129 12:50:14.923" endtime="20231129 12:50:15.208"/>
</kw>
<kw name="Get Value" library="Selenium2Library">
<var>${rt_display_name}</var>
<arg>${input_display_name}</arg>
<doc>Returns the value attribute of the element identified by ``locator``.</doc>
<msg timestamp="20231129 12:50:15.235" level="INFO">${rt_display_name} = auto-test-2023-11-29 12:50:14</msg>
<status status="PASS" starttime="20231129 12:50:15.208" endtime="20231129 12:50:15.235"/>
</kw>
<msg timestamp="20231129 12:50:15.235" level="INFO">${rt_display_name} = auto-test-2023-11-29 12:50:14</msg>
<status status="PASS" starttime="20231129 12:50:14.923" endtime="20231129 12:50:15.235"/>
</kw>
<kw name="input_description" library="runtimetemplate">
<kw name="Scroll Element Into View" library="Selenium2Library">
<arg>${input_description}</arg>
<doc>Scrolls the element identified by ``locator`` into view.</doc>
<status status="PASS" starttime="20231129 12:50:15.236" endtime="20231129 12:50:15.511"/>
</kw>
<kw name="Wait Until Element Is Visible" library="Selenium2Library">
<arg>${input_description}</arg>
<doc>Waits until the element ``locator`` is visible.</doc>
<status status="PASS" starttime="20231129 12:50:15.511" endtime="20231129 12:50:15.531"/>
</kw>
<kw name="Click Element" library="Selenium2Library">
<arg>${input_description}</arg>
<doc>Click the element identified by ``locator``.</doc>
<msg timestamp="20231129 12:50:15.531" level="INFO">Clicking element 'xpath://label[text()='Description*']/parent::div/div/input'.</msg>
<status status="PASS" starttime="20231129 12:50:15.531" endtime="20231129 12:50:15.562"/>
</kw>
<kw name="Input Text" library="Selenium2Library">
<arg>${input_description}</arg>
<arg>automated testing trials</arg>
<doc>Types the given ``text`` into the text field identified by ``locator``.</doc>
<msg timestamp="20231129 12:50:15.563" level="INFO">Typing text 'automated testing trials' into text field 'xpath://label[text()='Description*']/parent::div/div/input'.</msg>
<status status="PASS" starttime="20231129 12:50:15.562" endtime="20231129 12:50:15.839"/>
</kw>
<status status="PASS" starttime="20231129 12:50:15.236" endtime="20231129 12:50:15.839"/>
</kw>
<kw name="input_custom_container_image" library="runtimetemplate">
<kw name="Scroll Element Into View" library="Selenium2Library">
<arg>${input_container_image}</arg>
<doc>Scrolls the element identified by ``locator`` into view.</doc>
<status status="PASS" starttime="20231129 12:50:15.839" endtime="20231129 12:50:16.126"/>
</kw>
<kw name="Wait Until Element Is Visible" library="Selenium2Library">
<arg>${input_container_image}</arg>
<doc>Waits until the element ``locator`` is visible.</doc>
<status status="PASS" starttime="20231129 12:50:16.127" endtime="20231129 12:50:16.143"/>
</kw>
<kw name="Click Element" library="Selenium2Library">
<arg>${input_container_image}</arg>
<doc>Click the element identified by ``locator``.</doc>
<msg timestamp="20231129 12:50:16.144" level="INFO">Clicking element 'xpath://label[text()='Custom container image']/parent::div/div/input'.</msg>
<status status="PASS" starttime="20231129 12:50:16.143" endtime="20231129 12:50:16.198"/>
</kw>
<kw name="Input Text" library="Selenium2Library">
<arg>${input_container_image}</arg>
<arg>${container_image_txt}</arg>
<doc>Types the given ``text`` into the text field identified by ``locator``.</doc>
<msg timestamp="20231129 12:50:16.199" level="INFO">Typing text 'us-central1-docker.pkg.dev/dataproc-jupyter-extension-dev/test-artifact-image' into text field 'xpath://label[text()='Custom container image']/parent::div/div/input'.</msg>
<status status="PASS" starttime="20231129 12:50:16.198" endtime="20231129 12:50:16.930"/>
</kw>
<status status="PASS" starttime="20231129 12:50:15.839" endtime="20231129 12:50:16.930"/>
</kw>
<kw name="select_shared_vpc_networks" library="runtimetemplate">
<kw name="Scroll Element Into View" library="Selenium2Library">
<arg>${select_networks_shared_from_host_project}</arg>
<doc>Scrolls the element identified by ``locator`` into view.</doc>
<status status="PASS" starttime="20231129 12:50:16.930" endtime="20231129 12:50:17.207"/>
</kw>
<kw name="Click Element" library="Selenium2Library">
<arg>${select_networks_shared_from_host_project}</arg>
<doc>Click the element identified by ``locator``.</doc>
<msg timestamp="20231129 12:50:17.208" level="INFO">Clicking element 'xpath://input[@value='sharedVpc']'.</msg>
<status status="PASS" starttime="20231129 12:50:17.207" endtime="20231129 12:50:17.259"/>
</kw>
<kw name="Sleep" library="BuiltIn">
<arg>2</arg>
<doc>Pauses the test executed for the given time.</doc>
<msg timestamp="20231129 12:50:19.262" level="INFO">Slept 2 seconds</msg>
<status status="PASS" starttime="20231129 12:50:17.259" endtime="20231129 12:50:19.262"/>
</kw>
<kw name="Scroll Element Into View" library="Selenium2Library">
<arg>${shared_subnetworks_dropdown}</arg>
<doc>Scrolls the element identified by ``locator`` into view.</doc>
<status status="PASS" starttime="20231129 12:50:19.262" endtime="20231129 12:50:19.529"/>
</kw>
<kw name="Wait Until Element Is Visible" library="Selenium2Library">
<arg>${shared_subnetworks_dropdown}</arg>
<doc>Waits until the element ``locator`` is visible.</doc>
<status status="PASS" starttime="20231129 12:50:19.530" endtime="20231129 12:50:19.538"/>
</kw>
<kw name="Click Element" library="Selenium2Library">
<arg>${shared_subnetworks_dropdown}</arg>
<doc>Click the element identified by ``locator``.</doc>
<msg timestamp="20231129 12:50:19.539" level="INFO">Clicking element 'xpath:(//input[@class='MuiInputBase-input MuiOutlinedInput-input MuiInputBase-inputSizeSmall MuiInputBase-inputAdornedEnd MuiAutocomplete-input MuiAutocomplete-inputFocused css-1okh9hg'])[1]'.</msg>
<status status="PASS" starttime="20231129 12:50:19.539" endtime="20231129 12:50:19.573"/>
</kw>
<kw name="Wait Until Element Is Visible" library="Selenium2Library">
<arg>${shared_subnetworks_dropdown_first_element}</arg>
<doc>Waits until the element ``locator`` is visible.</doc>
<status status="PASS" starttime="20231129 12:50:19.573" endtime="20231129 12:50:19.585"/>
[...]
<msg timestamp="20231129 12:51:30.310" level="INFO">Clicking element 'xpath://li[text()='min']'.</msg>
<status status="PASS" starttime="20231129 12:51:30.310" endtime="20231129 12:51:30.348"/>
</kw>
<status status="PASS" starttime="20231129 12:51:29.838" endtime="20231129 12:51:30.348"/>
</kw>
<kw name="input_python_packages_repository" library="runtimetemplate">
<kw name="Scroll Element Into View" library="Selenium2Library">
<arg>${input_packages_repository}</arg>
<doc>Scrolls the element identified by ``locator`` into view.</doc>
<status status="PASS" starttime="20231129 12:51:30.348" endtime="20231129 12:51:30.624"/>
</kw>
<kw name="Click Element" library="Selenium2Library">
<arg>${input_packages_repository}</arg>
<doc>Click the element identified by ``locator``.</doc>
<msg timestamp="20231129 12:51:30.626" level="INFO">Clicking element 'xpath://label[text()='Python packages repository']/parent::div/div/input'.</msg>
<status status="PASS" starttime="20231129 12:51:30.625" endtime="20231129 12:51:30.675"/>
</kw>
<kw name="Input Text" library="Selenium2Library">
<arg>${input_packages_repository}</arg>
<arg>https://pypi.org/project/example-pypi-package/</arg>
<doc>Types the given ``text`` into the text field identified by ``locator``.</doc>
<msg timestamp="20231129 12:51:30.676" level="INFO">Typing text 'https://pypi.org/project/example-pypi-package/' into text field 'xpath://label[text()='Python packages repository']/parent::div/div/input'.</msg>
<status status="PASS" starttime="20231129 12:51:30.675" endtime="20231129 12:51:31.198"/>
</kw>
<status status="PASS" starttime="20231129 12:51:30.348" endtime="20231129 12:51:31.198"/>
</kw>
<kw name="select_history_server_cluster" library="runtimetemplate">
<kw name="Scroll Element Into View" library="Selenium2Library">
<arg>${history_server_cluster_dropdown}</arg>
<doc>Scrolls the element identified by ``locator`` into view.</doc>
<status status="PASS" starttime="20231129 12:51:31.198" endtime="20231129 12:51:31.495"/>
</kw>
<kw name="Click Element" library="Selenium2Library">
<arg>${history_server_cluster_dropdown}</arg>
<doc>Click the element identified by ``locator``.</doc>
<msg timestamp="20231129 12:51:31.497" level="INFO">Clicking element 'xpath://label[text()='History server cluster']//parent::div//input'.</msg>
<status status="PASS" starttime="20231129 12:51:31.495" endtime="20231129 12:51:31.531"/>
</kw>
<kw name="Wait Until Element Is Visible" library="Selenium2Library">
<arg>${select_server_history_cluster}</arg>
<doc>Waits until the element ``locator`` is visible.</doc>
<status status="PASS" starttime="20231129 12:51:31.531" endtime="20231129 12:51:31.555"/>
</kw>
<kw name="Click Element" library="Selenium2Library">
<arg>${select_server_history_cluster}</arg>
<doc>Click the element identified by ``locator``.</doc>
<msg timestamp="20231129 12:51:31.556" level="INFO">Clicking element 'xpath://li[text()='cluster-phs']'.</msg>
<status status="PASS" starttime="20231129 12:51:31.556" endtime="20231129 12:51:31.607"/>
</kw>
<status status="PASS" starttime="20231129 12:51:31.198" endtime="20231129 12:51:31.607"/>
</kw>
<kw name="add_spark_property" library="runtimetemplate">
<kw name="Scroll Element Into View" library="Selenium2Library">
<arg>${click_add_property_btn}</arg>
<doc>Scrolls the element identified by ``locator`` into view.</doc>
<status status="PASS" starttime="20231129 12:51:31.608" endtime="20231129 12:51:31.890"/>
</kw>
<kw name="Click Element" library="Selenium2Library">
<arg>${click_add_property_btn}</arg>
<doc>Click the element identified by ``locator``.</doc>
<msg timestamp="20231129 12:51:31.890" level="INFO">Clicking element 'xpath://span[text()='ADD PROPERTY']'.</msg>
<status status="PASS" starttime="20231129 12:51:31.890" endtime="20231129 12:51:31.965"/>
</kw>
<kw name="Wait Until Element Is Visible" library="Selenium2Library">
<arg>${add_prop_key1}</arg>
<doc>Waits until the element ``locator`` is visible.</doc>
<status status="PASS" starttime="20231129 12:51:31.966" endtime="20231129 12:51:31.996"/>
</kw>
<kw name="Click Element" library="Selenium2Library">
<arg>${add_prop_key1}</arg>
<doc>Click the element identified by ``locator``.</doc>
<msg timestamp="20231129 12:51:31.996" level="INFO">Clicking element 'xpath://span[text()='ADD PROPERTY']/parent::button/parent::div//label[text()='Key 1*']/parent::div//input[@class='MuiInputBase-input MuiOutlinedInput-input MuiInputBase-inputSizeSmall css-k9lw1l']'.</msg>
<status status="PASS" starttime="20231129 12:51:31.996" endtime="20231129 12:51:32.047"/>
</kw>
<kw name="Input Text" library="Selenium2Library">
<arg>${add_prop_key1}</arg>
<arg>prop_key1</arg>
<doc>Types the given ``text`` into the text field identified by ``locator``.</doc>
<msg timestamp="20231129 12:51:32.047" level="INFO">Typing text 'prop_key1' into text field 'xpath://span[text()='ADD PROPERTY']/parent::button/parent::div//label[text()='Key 1*']/parent::div//input[@class='MuiInputBase-input MuiOutlinedInput-input MuiInputBase-inputSizeSmall css-k9lw1l']'.</msg>
<status status="PASS" starttime="20231129 12:51:32.047" endtime="20231129 12:51:32.197"/>
</kw>
<kw name="Click Element" library="Selenium2Library">
<arg>${add_prop_value1}</arg>
<doc>Click the element identified by ``locator``.</doc>
<msg timestamp="20231129 12:51:32.198" level="INFO">Clicking element 'xpath://span[text()='ADD PROPERTY']/parent::button/parent::div//label[text()='Value 1']/parent::div//input[@class='MuiInputBase-input MuiOutlinedInput-input MuiInputBase-inputSizeSmall css-k9lw1l']'.</msg>
<status status="PASS" starttime="20231129 12:51:32.198" endtime="20231129 12:51:32.249"/>
</kw>
<kw name="Input Text" library="Selenium2Library">
<arg>${add_prop_value1}</arg>
<arg>prop_val1</arg>
<doc>Types the given ``text`` into the text field identified by ``locator``.</doc>
<msg timestamp="20231129 12:51:32.249" level="INFO">Typing text 'prop_val1' into text field 'xpath://span[text()='ADD PROPERTY']/parent::button/parent::div//label[text()='Value 1']/parent::div//input[@class='MuiInputBase-input MuiOutlinedInput-input MuiInputBase-inputSizeSmall css-k9lw1l']'.</msg>
<status status="PASS" starttime="20231129 12:51:32.249" endtime="20231129 12:51:32.410"/>
</kw>
<kw name="Click Element" library="Selenium2Library">
<arg>${click_add_property_btn}</arg>
<doc>Click the element identified by ``locator``.</doc>
<msg timestamp="20231129 12:51:32.410" level="INFO">Clicking element 'xpath://span[text()='ADD PROPERTY']'.</msg>
<status status="PASS" starttime="20231129 12:51:32.410" endtime="20231129 12:51:32.463"/>
</kw>
<kw name="Click Element" library="Selenium2Library">
<arg>${add_prop_key2}</arg>
<doc>Click the element identified by ``locator``.</doc>
<msg timestamp="20231129 12:51:32.464" level="INFO">Clicking element 'xpath://span[text()='ADD PROPERTY']/parent::button/parent::div//label[text()='Key 2*']/parent::div//input[@class='MuiInputBase-input MuiOutlinedInput-input MuiInputBase-inputSizeSmall css-k9lw1l']'.</msg>
<status status="PASS" starttime="20231129 12:51:32.463" endtime="20231129 12:51:32.494"/>
</kw>
<kw name="Input Text" library="Selenium2Library">
<arg>${add_prop_key2}</arg>
<arg>prop_key2</arg>
<doc>Types the given ``text`` into the text field identified by ``locator``.</doc>
<msg timestamp="20231129 12:51:32.495" level="INFO">Typing text 'prop_key2' into text field 'xpath://span[text()='ADD PROPERTY']/parent::button/parent::div//label[text()='Key 2*']/parent::div//input[@class='MuiInputBase-input MuiOutlinedInput-input MuiInputBase-inputSizeSmall css-k9lw1l']'.</msg>
<status status="PASS" starttime="20231129 12:51:32.494" endtime="20231129 12:51:32.651"/>
</kw>
<kw name="Click Element" library="Selenium2Library">
<arg>${add_prop_value2}</arg>
<doc>Click the element identified by ``locator``.</doc>
<msg timestamp="20231129 12:51:32.652" level="INFO">Clicking element 'xpath://span[text()='ADD PROPERTY']/parent::button/parent::div//label[text()='Value 2']/parent::div//input[@class='MuiInputBase-input MuiOutlinedInput-input MuiInputBase-inputSizeSmall css-k9lw1l']'.</msg>
<status status="PASS" starttime="20231129 12:51:32.651" endtime="20231129 12:51:32.706"/>
</kw>
<kw name="Input Text" library="Selenium2Library">
<arg>${add_prop_value2}</arg>
<arg>prop_val2</arg>
<doc>Types the given ``text`` into the text field identified by ``locator``.</doc>
<msg timestamp="20231129 12:51:32.707" level="INFO">Typing text 'prop_val2' into text field 'xpath://span[text()='ADD PROPERTY']/parent::button/parent::div//label[text()='Value 2']/parent::div//input[@class='MuiInputBase-input MuiOutlinedInput-input MuiInputBase-inputSizeSmall css-k9lw1l']'.</msg>
<status status="PASS" starttime="20231129 12:51:32.706" endtime="20231129 12:51:32.867"/>
</kw>
<status status="PASS" starttime="20231129 12:51:31.607" endtime="20231129 12:51:32.867"/>
</kw>
<kw name="add_label" library="runtimetemplate">
<kw name="Scroll Element Into View" library="Selenium2Library">
<arg>${click_add_label_btn}</arg>
<doc>Scrolls the element identified by ``locator`` into view.</doc>
<status status="PASS" starttime="20231129 12:51:32.867" endtime="20231129 12:51:33.157"/>
</kw>
<kw name="Click Element" library="Selenium2Library">
<arg>${click_add_label_btn}</arg>
<doc>Click the element identified by ``locator``.</doc>
<msg timestamp="20231129 12:51:33.158" level="INFO">Clicking element 'xpath://span[text()='ADD LABEL']'.</msg>
<status status="PASS" starttime="20231129 12:51:33.158" endtime="20231129 12:51:33.243"/>
</kw>
<kw name="Wait Until Element Is Visible" library="Selenium2Library">
<arg>${add_label_key2}</arg>
<doc>Waits until the element ``locator`` is visible.</doc>
<status status="PASS" starttime="20231129 12:51:33.243" endtime="20231129 12:51:33.269"/>
</kw>
<kw name="Click Element" library="Selenium2Library">
<arg>${add_label_key2}</arg>
<doc>Click the element identified by ``locator``.</doc>
<msg timestamp="20231129 12:51:33.269" level="INFO">Clicking element 'xpath://span[text()='ADD LABEL']/parent::button/parent::div//label[text()='Key 2*']/parent::div//input[@class='MuiInputBase-input MuiOutlinedInput-input MuiInputBase-inputSizeSmall css-k9lw1l']'.</msg>
<status status="PASS" starttime="20231129 12:51:33.269" endtime="20231129 12:51:33.319"/>
</kw>
<kw name="Input Text" library="Selenium2Library">
<arg>${add_label_key2}</arg>
<arg>label_key1</arg>
<doc>Types the given ``text`` into the text field identified by ``locator``.</doc>
<msg timestamp="20231129 12:51:33.319" level="INFO">Typing text 'label_key1' into text field 'xpath://span[text()='ADD LABEL']/parent::button/parent::div//label[text()='Key 2*']/parent::div//input[@class='MuiInputBase-input MuiOutlinedInput-input MuiInputBase-inputSizeSmall css-k9lw1l']'.</msg>
<status status="PASS" starttime="20231129 12:51:33.319" endtime="20231129 12:51:33.510"/>
</kw>
<kw name="Click Element" library="Selenium2Library">
<arg>${add_label_value2}</arg>
<doc>Click the element identified by ``locator``.</doc>
<msg timestamp="20231129 12:51:33.511" level="INFO">Clicking element 'xpath://span[text()='ADD LABEL']/parent::button/parent::div//label[text()='Value 2']/parent::div//input[@class='MuiInputBase-input MuiOutlinedInput-input MuiInputBase-inputSizeSmall css-k9lw1l']'.</msg>
<status status="PASS" starttime="20231129 12:51:33.511" endtime="20231129 12:51:33.620"/>
</kw>
<kw name="Input Text" library="Selenium2Library">
<arg>${add_label_value2}</arg>
<arg>label_val1</arg>
<doc>Types the given ``text`` into the text field identified by ``locator``.</doc>
<msg timestamp="20231129 12:51:33.621" level="INFO">Typing text 'label_val1' into text field 'xpath://span[text()='ADD LABEL']/parent::button/parent::div//label[text()='Value 2']/parent::div//input[@class='MuiInputBase-input MuiOutlinedInput-input MuiInputBase-inputSizeSmall css-k9lw1l']'.</msg>
<status status="PASS" starttime="20231129 12:51:33.620" endtime="20231129 12:51:33.887"/>
</kw>
<kw name="Click Element" library="Selenium2Library">
<arg>${click_add_label_btn}</arg>
<doc>Click the element identified by ``locator``.</doc>
<msg timestamp="20231129 12:51:33.888" level="INFO">Clicking element 'xpath://span[text()='ADD LABEL']'.</msg>
<status status="PASS" starttime="20231129 12:51:33.888" endtime="20231129 12:51:34.002"/>
</kw>
<kw name="Click Element" library="Selenium2Library">
<arg>${add_label_key3}</arg>
<doc>Click the element identified by ``locator``.</doc>
<msg timestamp="20231129 12:51:34.003" level="INFO">Clicking element 'xpath://span[text()='ADD LABEL']/parent::button/parent::div//label[text()='Key 3*']/parent::div//input[@class='MuiInputBase-input MuiOutlinedInput-input MuiInputBase-inputSizeSmall css-k9lw1l']'.</msg>
<status status="PASS" starttime="20231129 12:51:34.002" endtime="20231129 12:51:34.089"/>
</kw>
<kw name="Input Text" library="Selenium2Library">
<arg>${add_label_key3}</arg>
<arg>label_key2</arg>
<doc>Types the given ``text`` into the text field identified by ``locator``.</doc>
<msg timestamp="20231129 12:51:34.089" level="INFO">Typing text 'label_key2' into text field 'xpath://span[text()='ADD LABEL']/parent::button/parent::div//label[text()='Key 3*']/parent::div//input[@class='MuiInputBase-input MuiOutlinedInput-input MuiInputBase-inputSizeSmall css-k9lw1l']'.</msg>
<status status="PASS" starttime="20231129 12:51:34.089" endtime="20231129 12:51:34.327"/>
</kw>
<kw name="Click Element" library="Selenium2Library">
<arg>${add_label_value3}</arg>
<doc>Click the element identified by ``locator``.</doc>
<msg timestamp="20231129 12:51:34.328" level="INFO">Clicking element 'xpath://span[text()='ADD LABEL']/parent::button/parent::div//label[text()='Value 3']/parent::div//input[@class='MuiInputBase-input MuiOutlinedInput-input MuiInputBase-inputSizeSmall css-k9lw1l']'.</msg>
<status status="PASS" starttime="20231129 12:51:34.327" endtime="20231129 12:51:34.411"/>
</kw>
<kw name="Input Text" library="Selenium2Library">
<arg>${add_label_value3}</arg>
<arg>label_val2</arg>
<doc>Types the given ``text`` into the text field identified by ``locator``.</doc>
<msg timestamp="20231129 12:51:34.411" level="INFO">Typing text 'label_val2' into text field 'xpath://span[text()='ADD LABEL']/parent::button/parent::div//label[text()='Value 3']/parent::div//input[@class='MuiInputBase-input MuiOutlinedInput-input MuiInputBase-inputSizeSmall css-k9lw1l']'.</msg>
<status status="PASS" starttime="20231129 12:51:34.411" endtime="20231129 12:51:34.697"/>
</kw>
<status status="PASS" starttime="20231129 12:51:32.867" endtime="20231129 12:51:34.697"/>
</kw>
<kw name="save_rt_btn" library="runtimetemplate">
<kw name="Scroll Element Into View" library="Selenium2Library">
<arg>${save_rt_btn}</arg>
<doc>Scrolls the element identified by ``locator`` into view.</doc>
<status status="PASS" starttime="20231129 12:51:34.697" endtime="20231129 12:51:34.989"/>
</kw>
<kw name="Click Element" library="Selenium2Library">
<arg>${save_rt_btn}</arg>
<doc>Click the element identified by ``locator``.</doc>
<msg timestamp="20231129 12:51:34.990" level="INFO">Clicking element 'xpath://div[text()='SAVE']/parent::div'.</msg>
<status status="PASS" starttime="20231129 12:51:34.989" endtime="20231129 12:51:35.033"/>
</kw>
<status status="PASS" starttime="20231129 12:51:34.697" endtime="20231129 12:51:35.033"/>
</kw>
<kw name="validate_runtime_template_display_name" library="runtimetemplate">
<arg>${rt_display_name}</arg>
<kw name="open_config_setup_page" library="config_setup">
<doc>opening config setup page from launcher</doc>
<kw name="Wait Until Element Is Visible" library="Selenium2Library">
<arg>${jupyter_settings_loc}</arg>
<doc>Waits until the element ``locator`` is visible.</doc>
<status status="PASS" starttime="20231129 12:51:35.034" endtime="20231129 12:51:35.046"/>
</kw>
<kw name="Click Element" library="Selenium2Library">
<arg>${jupyter_settings_loc}</arg>
<doc>Click the element identified by ``locator``.</doc>
<msg timestamp="20231129 12:51:35.047" level="INFO">Clicking element 'xpath://div[text()="Settings"]'.</msg>
<status status="PASS" starttime="20231129 12:51:35.046" endtime="20231129 12:51:35.072"/>
</kw>
<kw name="Wait Until Element Is Visible" library="Selenium2Library">
<arg>${config_setup_loc}</arg>
<doc>Waits until the element ``locator`` is visible.</doc>
<status status="PASS" starttime="20231129 12:51:35.072" endtime="20231129 12:51:35.088"/>
</kw>
<kw name="Click Element" library="Selenium2Library">
<arg>${config_setup_loc}</arg>
<doc>Click the element identified by ``locator``.</doc>
<msg timestamp="20231129 12:51:35.089" level="INFO">Clicking element 'xpath://div[text()="Cloud Dataproc Settings"]'.</msg>
<status status="PASS" starttime="20231129 12:51:35.088" endtime="20231129 12:51:35.128"/>
</kw>
<kw name="Wait Until Element Is Visible" library="Selenium2Library">
<arg>${config_save_button}</arg>
<arg>20</arg>
<doc>Waits until the element ``locator`` is visible.</doc>
<status status="PASS" starttime="20231129 12:51:35.128" endtime="20231129 12:51:35.364"/>
</kw>
<status status="PASS" starttime="20231129 12:51:35.034" endtime="20231129 12:51:35.364"/>
</kw>
<kw name="Wait Until Page Contains" library="Selenium2Library">
<arg>${rt_display_name}</arg>
<arg>60</arg>
<doc>Waits until ``text`` appears on the current page.</doc>
<status status="PASS" starttime="20231129 12:51:35.364" endtime="20231129 12:51:37.121"/>
</kw>
<status status="PASS" starttime="20231129 12:51:35.033" endtime="20231129 12:51:37.121"/>
</kw>
<kw name="logout" library="login" type="TEARDOWN">
<doc>closing the Browser</doc>
<kw name="Close Browser" library="Selenium2Library">
<doc>Closes the current browser.</doc>
<status status="PASS" starttime="20231129 12:51:37.122" endtime="20231129 12:51:37.318"/>
</kw>
<status status="PASS" starttime="20231129 12:51:37.122" endtime="20231129 12:51:37.318"/>
</kw>
<doc>launcher+local_networks</doc>
<status status="PASS" starttime="20231129 12:51:04.962" endtime="20231129 12:51:37.318"/>
</test>
<status status="FAIL" starttime="20231129 12:49:09.486" endtime="20231129 12:51:37.319"/>
</suite>
<statistics>
<total>
<stat pass="4" fail="1" skip="0">All Tests</stat>
</total>
<tag>
</tag>
<suite>
<stat pass="4" fail="1" skip="0" id="s1" name="Create Runtimetemplate">Create Runtimetemplate</stat>
</suite>
</statistics>
<errors>
<msg timestamp="20231129 12:49:41.717" level="WARN">Keyword 'Get Element Count' found both from a custom library 'Selenium2Library' and a standard library 'XML'. The custom keyword is used. To select explicitly, and to get rid of this warning, use either 'Selenium2Library.Get Element Count' or 'XML.Get Element Count'.</msg>
<msg timestamp="20231129 12:50:13.611" level="WARN">Keyword 'Get Element Count' found both from a custom library 'Selenium2Library' and a standard library 'XML'. The custom keyword is used. To select explicitly, and to get rid of this warning, use either 'Selenium2Library.Get Element Count' or 'XML.Get Element Count'.</msg>
<msg timestamp="20231129 12:50:47.882" level="WARN">Keyword 'Get Element Count' found both from a custom library 'Selenium2Library' and a standard library 'XML'. The custom keyword is used. To select explicitly, and to get rid of this warning, use either 'Selenium2Library.Get Element Count' or 'XML.Get Element Count'.</msg>
<msg timestamp="20231129 12:51:04.494" level="WARN">Keyword 'Get Element Count' found both from a custom library 'Selenium2Library' and a standard library 'XML'. The custom keyword is used. To select explicitly, and to get rid of this warning, use either 'Selenium2Library.Get Element Count' or 'XML.Get Element Count'.</msg>
<msg timestamp="20231129 12:51:20.128" level="WARN">Keyword 'Get Element Count' found both from a custom library 'Selenium2Library' and a standard library 'XML'. The custom keyword is used. To select explicitly, and to get rid of this warning, use either 'Selenium2Library.Get Element Count' or 'XML.Get Element Count'.</msg>
</errors>
</robot>
